#
# There is insufficient memory for the Java Runtime Environment to continue.
# Native memory allocation (malloc) failed to allocate 2097152 bytes for AllocateHeap
# Possible reasons:
#   The system is out of physical RAM or swap space
#   The process is running with CompressedOops enabled, and the Java Heap may be blocking the growth of the native heap
# Possible solutions:
#   Reduce memory load on the system
#   Increase physical memory or swap space
#   Check if swap backing store is full
#   Decrease Java heap size (-Xmx/-Xms)
#   Decrease number of Java threads
#   Decrease Java thread stack sizes (-Xss)
#   Set larger code cache with -XX:ReservedCodeCacheSize=
#   JVM is running with Unscaled Compressed Oops mode in which the Java heap is
#     placed in the first 4GB address space. The Java Heap base address is the
#     maximum limit for the native heap growth. Please use -XX:HeapBaseMinAddress
#     to set the Java Heap base and to place the Java Heap above 4GB virtual address.
# This output file may be truncated or incomplete.
#
#  Out of Memory Error (allocation.cpp:44), pid=18324, tid=10264
#
# JRE version: Java(TM) SE Runtime Environment (21.0.7+8) (build 21.0.7+8-LTS-245)
# Java VM: Java HotSpot(TM) 64-Bit Server VM (21.0.7+8-LTS-245, mixed mode, emulated-client, sharing, tiered, compressed oops, compressed class ptrs, g1 gc, windows-amd64)
# No core dump will be written. Minidumps are not enabled by default on client versions of Windows
#

---------------  S U M M A R Y ------------

Command Line: -XX:TieredStopAtLevel=1 com.example.storemanagementbackend.StoremanagementbackendApplication

Host: AMD Ryzen 3 3250U with Radeon Graphics         , 4 cores, 5G,  Windows 11 , 64 bit Build 26100 (10.0.26100.4202)
Time: Fri Jun 27 10:54:28 2025 India Standard Time elapsed time: 1799.735624 seconds (0d 0h 29m 59s)

---------------  T H R E A D  ---------------

Current thread (0x0000013bf7793f00):  VMThread "VM Thread"          [id=10264, stack(0x0000001762a00000,0x0000001762b00000) (1024K)]

Stack: [0x0000001762a00000,0x0000001762b00000]
Native frames: (J=compiled Java code, j=interpreted, Vv=VM code, C=native code)
V  [jvm.dll+0x6cae19]
V  [jvm.dll+0x855741]
V  [jvm.dll+0x857c6e]
V  [jvm.dll+0x858343]
V  [jvm.dll+0x27e0b6]
V  [jvm.dll+0xbfa77]
V  [jvm.dll+0x34493e]
V  [jvm.dll+0x33f26e]
V  [jvm.dll+0x327cd8]
V  [jvm.dll+0x36abd4]
V  [jvm.dll+0x85e110]
V  [jvm.dll+0x85f494]
V  [jvm.dll+0x85f9d0]
V  [jvm.dll+0x85fc73]
V  [jvm.dll+0x7ffa1b]
V  [jvm.dll+0x6c94fd]
C  [ucrtbase.dll+0x37b0]
C  [KERNEL32.DLL+0x2e8d7]
C  [ntdll.dll+0x3c34c]

VM_Operation (0x00000017620ff170): G1CollectFull, mode: safepoint, requested by thread 0x0000013bff069410


---------------  P R O C E S S  ---------------

Threads class SMR info:
_java_thread_list=0x0000013bfe84e3c0, length=13, elements={
0x0000013bf77aaec0, 0x0000013bf77ae640, 0x0000013bf77b3dd0, 0x0000013bf77b7150,
0x0000013bf77b5fe0, 0x0000013bf77b7ba0, 0x0000013bf77b8200, 0x0000013bf79e8010,
0x0000013bf79ee7d0, 0x0000013bfd0af890, 0x0000013bfd7c9930, 0x0000013bff06c200,
0x0000013bff069410
}

Java Threads: ( => current thread )
  0x0000013bf77aaec0 JavaThread "Reference Handler"          daemon [_thread_blocked, id=22636, stack(0x0000001762b00000,0x0000001762c00000) (1024K)]
  0x0000013bf77ae640 JavaThread "Finalizer"                  daemon [_thread_blocked, id=25428, stack(0x0000001762c00000,0x0000001762d00000) (1024K)]
  0x0000013bf77b3dd0 JavaThread "Signal Dispatcher"          daemon [_thread_blocked, id=24500, stack(0x0000001762d00000,0x0000001762e00000) (1024K)]
  0x0000013bf77b7150 JavaThread "Attach Listener"            daemon [_thread_blocked, id=24684, stack(0x0000001762e00000,0x0000001762f00000) (1024K)]
  0x0000013bf77b5fe0 JavaThread "Service Thread"             daemon [_thread_blocked, id=13420, stack(0x0000001762f00000,0x0000001763000000) (1024K)]
  0x0000013bf77b7ba0 JavaThread "Monitor Deflation Thread"   daemon [_thread_blocked, id=22104, stack(0x0000001763000000,0x0000001763100000) (1024K)]
  0x0000013bf77b8200 JavaThread "C1 CompilerThread0"         daemon [_thread_blocked, id=24800, stack(0x0000001763100000,0x0000001763200000) (1024K)]
  0x0000013bf79e8010 JavaThread "Notification Thread"        daemon [_thread_blocked, id=15980, stack(0x0000001763200000,0x0000001763300000) (1024K)]
  0x0000013bf79ee7d0 JavaThread "Common-Cleaner"             daemon [_thread_blocked, id=1736, stack(0x0000001763300000,0x0000001763400000) (1024K)]
  0x0000013bfd0af890 JavaThread "mysql-cj-abandoned-connection-cleanup" daemon [_thread_blocked, id=22696, stack(0x0000001764000000,0x0000001764100000) (1024K)]
  0x0000013bfd7c9930 JavaThread "Live Reload Server"         daemon [_thread_in_native, id=15428, stack(0x0000001764500000,0x0000001764600000) (1024K)]
  0x0000013bff06c200 JavaThread "DestroyJavaVM"                     [_thread_blocked, id=18424, stack(0x0000001762300000,0x0000001762400000) (1024K)]
  0x0000013bff069410 JavaThread "Thread-5"                          [_thread_blocked, id=7864, stack(0x0000001762000000,0x0000001762100000) (1024K)]
Total: 13

Other Threads:
=>0x0000013bf7793f00 VMThread "VM Thread"                           [id=10264, stack(0x0000001762a00000,0x0000001762b00000) (1024K)]
  0x0000013bf777f420 WatcherThread "VM Periodic Task Thread"        [id=21048, stack(0x0000001762900000,0x0000001762a00000) (1024K)]
  0x0000013be8327ce0 WorkerThread "GC Thread#0"                     [id=17644, stack(0x0000001762400000,0x0000001762500000) (1024K)]
  0x0000013bfc3dd2b0 WorkerThread "GC Thread#1"                     [id=22372, stack(0x0000001763800000,0x0000001763900000) (1024K)]
  0x0000013bfc3ed970 WorkerThread "GC Thread#2"                     [id=18400, stack(0x0000001763900000,0x0000001763a00000) (1024K)]
  0x0000013bfc3ee120 WorkerThread "GC Thread#3"                     [id=23192, stack(0x0000001763a00000,0x0000001763b00000) (1024K)]
  0x0000013be8335150 ConcurrentGCThread "G1 Main Marker"            [id=13024, stack(0x0000001762500000,0x0000001762600000) (1024K)]
  0x0000013be8335c50 WorkerThread "G1 Conc#0"                       [id=25104, stack(0x0000001762600000,0x0000001762700000) (1024K)]
  0x0000013be8396980 ConcurrentGCThread "G1 Refine#0"               [id=4580, stack(0x0000001762700000,0x0000001762800000) (1024K)]
  0x0000013be8399760 ConcurrentGCThread "G1 Service"                [id=1932, stack(0x0000001762800000,0x0000001762900000) (1024K)]
Total: 10

Threads with active compile tasks:
Total: 0

VM state: at safepoint (normal execution)

VM Mutex/Monitor currently owned by a thread:  ([mutex/lock_event])
[0x00007fff0cb2de50] Threads_lock - owner thread: 0x0000013bf7793f00
[0x00007fff0cb2df50] Heap_lock - owner thread: 0x0000013bff069410

Heap address: 0x00000000a1c00000, size: 1508 MB, Compressed Oops mode: 32-bit

CDS archive(s) mapped at: [0x0000013b80000000-0x0000013b80c90000-0x0000013b80c90000), size 13172736, SharedBaseAddress: 0x0000013b80000000, ArchiveRelocationMode: 1.
Compressed class space mapped at: 0x0000013b81000000-0x0000013bc1000000, reserved size: 1073741824
Narrow klass base: 0x0000013b80000000, Narrow klass shift: 0, Narrow klass range: 0x100000000

GC Precious Log:
 CardTable entry size: 512
 Card Set container configuration: InlinePtr #cards 5 size 8 Array Of Cards #cards 12 size 40 Howl #buckets 4 coarsen threshold 1843 Howl Bitmap #cards 512 size 80 coarsen threshold 460 Card regions per heap region 1 cards per card region 2048
 CPUs: 4 total, 4 available
 Memory: 6030M
 Large Page Support: Disabled
 NUMA Support: Disabled
 Compressed Oops: Enabled (32-bit)
 Heap Region Size: 1M
 Heap Min Capacity: 8M
 Heap Initial Capacity: 96M
 Heap Max Capacity: 1508M
 Pre-touch: Disabled
 Parallel Workers: 4
 Concurrent Workers: 1
 Concurrent Refinement Workers: 4
 Periodic GC: Disabled

Heap:
 garbage-first heap   total 258048K, used 58652K [0x00000000a1c00000, 0x0000000100000000)
  region size 1024K, 19 young (19456K), 8 survivors (8192K)
 Metaspace       used 81588K, committed 82432K, reserved 1179648K
  class space    used 11659K, committed 12032K, reserved 1048576K

Heap Regions: E=young(eden), S=young(survivor), O=old, HS=humongous(starts), HC=humongous(continues), CS=collection set, F=free, TAMS=top-at-mark-start, PB=parsable bottom
|   0|0x00000000a1c00000, 0x00000000a1d00000, 0x00000000a1d00000|100%|HS|  |TAMS 0x00000000a1c00000| PB 0x00000000a1c00000| Complete 
|   1|0x00000000a1d00000, 0x00000000a1e00000, 0x00000000a1e00000|100%|HS|  |TAMS 0x00000000a1d00000| PB 0x00000000a1d00000| Complete 
|   2|0x00000000a1e00000, 0x00000000a1f00000, 0x00000000a1f00000|100%| O|  |TAMS 0x00000000a1e00000| PB 0x00000000a1e00000| Untracked 
|   3|0x00000000a1f00000, 0x00000000a2000000, 0x00000000a2000000|100%| O|  |TAMS 0x00000000a1f00000| PB 0x00000000a1f00000| Untracked 
|   4|0x00000000a2000000, 0x00000000a2100000, 0x00000000a2100000|100%| O|  |TAMS 0x00000000a2000000| PB 0x00000000a2000000| Untracked 
|   5|0x00000000a2100000, 0x00000000a2200000, 0x00000000a2200000|100%| O|  |TAMS 0x00000000a2100000| PB 0x00000000a2100000| Untracked 
|   6|0x00000000a2200000, 0x00000000a2300000, 0x00000000a2300000|100%| O|  |TAMS 0x00000000a2200000| PB 0x00000000a2200000| Untracked 
|   7|0x00000000a2300000, 0x00000000a2400000, 0x00000000a2400000|100%| O|  |TAMS 0x00000000a2300000| PB 0x00000000a2300000| Untracked 
|   8|0x00000000a2400000, 0x00000000a2500000, 0x00000000a2500000|100%| O|  |TAMS 0x00000000a2400000| PB 0x00000000a2400000| Untracked 
|   9|0x00000000a2500000, 0x00000000a2600000, 0x00000000a2600000|100%| O|  |TAMS 0x00000000a2500000| PB 0x00000000a2500000| Untracked 
|  10|0x00000000a2600000, 0x00000000a2700000, 0x00000000a2700000|100%| O|  |TAMS 0x00000000a2600000| PB 0x00000000a2600000| Untracked 
|  11|0x00000000a2700000, 0x00000000a2800000, 0x00000000a2800000|100%| O|  |TAMS 0x00000000a2700000| PB 0x00000000a2700000| Untracked 
|  12|0x00000000a2800000, 0x00000000a2900000, 0x00000000a2900000|100%| O|  |TAMS 0x00000000a2800000| PB 0x00000000a2800000| Untracked 
|  13|0x00000000a2900000, 0x00000000a2a00000, 0x00000000a2a00000|100%| O|  |TAMS 0x00000000a2900000| PB 0x00000000a2900000| Untracked 
|  14|0x00000000a2a00000, 0x00000000a2b00000, 0x00000000a2b00000|100%| O|  |TAMS 0x00000000a2a00000| PB 0x00000000a2a00000| Untracked 
|  15|0x00000000a2b00000, 0x00000000a2c00000, 0x00000000a2c00000|100%| O|  |TAMS 0x00000000a2b00000| PB 0x00000000a2b00000| Untracked 
|  16|0x00000000a2c00000, 0x00000000a2d00000, 0x00000000a2d00000|100%| O|  |TAMS 0x00000000a2c00000| PB 0x00000000a2c00000| Untracked 
|  17|0x00000000a2d00000, 0x00000000a2e00000, 0x00000000a2e00000|100%| O|  |TAMS 0x00000000a2d00000| PB 0x00000000a2d00000| Untracked 
|  18|0x00000000a2e00000, 0x00000000a2f00000, 0x00000000a2f00000|100%| O|  |TAMS 0x00000000a2e00000| PB 0x00000000a2e00000| Untracked 
|  19|0x00000000a2f00000, 0x00000000a3000000, 0x00000000a3000000|100%| O|  |TAMS 0x00000000a2f00000| PB 0x00000000a2f00000| Untracked 
|  20|0x00000000a3000000, 0x00000000a3100000, 0x00000000a3100000|100%| O|  |TAMS 0x00000000a3000000| PB 0x00000000a3000000| Untracked 
|  21|0x00000000a3100000, 0x00000000a3200000, 0x00000000a3200000|100%| O|  |TAMS 0x00000000a3100000| PB 0x00000000a3100000| Untracked 
|  22|0x00000000a3200000, 0x00000000a3300000, 0x00000000a3300000|100%| O|  |TAMS 0x00000000a3200000| PB 0x00000000a3200000| Untracked 
|  23|0x00000000a3300000, 0x00000000a3400000, 0x00000000a3400000|100%| O|  |TAMS 0x00000000a3300000| PB 0x00000000a3300000| Untracked 
|  24|0x00000000a3400000, 0x00000000a3500000, 0x00000000a3500000|100%| O|  |TAMS 0x00000000a3400000| PB 0x00000000a3400000| Untracked 
|  25|0x00000000a3500000, 0x00000000a3600000, 0x00000000a3600000|100%| O|  |TAMS 0x00000000a3500000| PB 0x00000000a3500000| Untracked 
|  26|0x00000000a3600000, 0x00000000a3700000, 0x00000000a3700000|100%| O|  |TAMS 0x00000000a3600000| PB 0x00000000a3600000| Untracked 
|  27|0x00000000a3700000, 0x00000000a3800000, 0x00000000a3800000|100%| O|  |TAMS 0x00000000a3700000| PB 0x00000000a3700000| Untracked 
|  28|0x00000000a3800000, 0x00000000a3900000, 0x00000000a3900000|100%| O|  |TAMS 0x00000000a3800000| PB 0x00000000a3800000| Untracked 
|  29|0x00000000a3900000, 0x00000000a3a00000, 0x00000000a3a00000|100%| O|  |TAMS 0x00000000a3900000| PB 0x00000000a3900000| Untracked 
|  30|0x00000000a3a00000, 0x00000000a3b00000, 0x00000000a3b00000|100%| O|  |TAMS 0x00000000a3a00000| PB 0x00000000a3a00000| Untracked 
|  31|0x00000000a3b00000, 0x00000000a3c00000, 0x00000000a3c00000|100%| O|  |TAMS 0x00000000a3b00000| PB 0x00000000a3b00000| Untracked 
|  32|0x00000000a3c00000, 0x00000000a3d00000, 0x00000000a3d00000|100%| O|  |TAMS 0x00000000a3c00000| PB 0x00000000a3c00000| Untracked 
|  33|0x00000000a3d00000, 0x00000000a3e00000, 0x00000000a3e00000|100%| O|  |TAMS 0x00000000a3d00000| PB 0x00000000a3d00000| Untracked 
|  34|0x00000000a3e00000, 0x00000000a3f00000, 0x00000000a3f00000|100%| O|  |TAMS 0x00000000a3e00000| PB 0x00000000a3e00000| Untracked 
|  35|0x00000000a3f00000, 0x00000000a4000000, 0x00000000a4000000|100%| O|  |TAMS 0x00000000a3f00000| PB 0x00000000a3f00000| Untracked 
|  36|0x00000000a4000000, 0x00000000a4100000, 0x00000000a4100000|100%| O|  |TAMS 0x00000000a4000000| PB 0x00000000a4000000| Untracked 
|  37|0x00000000a4100000, 0x00000000a416a838, 0x00000000a4200000| 41%| O|  |TAMS 0x00000000a4100000| PB 0x00000000a4100000| Untracked 
|  38|0x00000000a4200000, 0x00000000a4300000, 0x00000000a4300000|100%| O|  |TAMS 0x00000000a4200000| PB 0x00000000a4200000| Untracked 
|  39|0x00000000a4300000, 0x00000000a4400000, 0x00000000a4400000|100%| O|  |TAMS 0x00000000a4300000| PB 0x00000000a4300000| Untracked 
|  40|0x00000000a4400000, 0x00000000a4400000, 0x00000000a4500000|  0%| F|  |TAMS 0x00000000a4400000| PB 0x00000000a4400000| Untracked 
|  41|0x00000000a4500000, 0x00000000a4500000, 0x00000000a4600000|  0%| F|  |TAMS 0x00000000a4500000| PB 0x00000000a4500000| Untracked 
|  42|0x00000000a4600000, 0x00000000a4600000, 0x00000000a4700000|  0%| F|  |TAMS 0x00000000a4600000| PB 0x00000000a4600000| Untracked 
|  43|0x00000000a4700000, 0x00000000a4700000, 0x00000000a4800000|  0%| F|  |TAMS 0x00000000a4700000| PB 0x00000000a4700000| Untracked 
|  44|0x00000000a4800000, 0x00000000a4800000, 0x00000000a4900000|  0%| F|  |TAMS 0x00000000a4800000| PB 0x00000000a4800000| Untracked 
|  45|0x00000000a4900000, 0x00000000a4900000, 0x00000000a4a00000|  0%| F|  |TAMS 0x00000000a4900000| PB 0x00000000a4900000| Untracked 
|  46|0x00000000a4a00000, 0x00000000a4a00000, 0x00000000a4b00000|  0%| F|  |TAMS 0x00000000a4a00000| PB 0x00000000a4a00000| Untracked 
|  47|0x00000000a4b00000, 0x00000000a4b00000, 0x00000000a4c00000|  0%| F|  |TAMS 0x00000000a4b00000| PB 0x00000000a4b00000| Untracked 
|  48|0x00000000a4c00000, 0x00000000a4c00000, 0x00000000a4d00000|  0%| F|  |TAMS 0x00000000a4c00000| PB 0x00000000a4c00000| Untracked 
|  49|0x00000000a4d00000, 0x00000000a4d00000, 0x00000000a4e00000|  0%| F|  |TAMS 0x00000000a4d00000| PB 0x00000000a4d00000| Untracked 
|  50|0x00000000a4e00000, 0x00000000a4e00000, 0x00000000a4f00000|  0%| F|  |TAMS 0x00000000a4e00000| PB 0x00000000a4e00000| Untracked 
|  51|0x00000000a4f00000, 0x00000000a4f00000, 0x00000000a5000000|  0%| F|  |TAMS 0x00000000a4f00000| PB 0x00000000a4f00000| Untracked 
|  52|0x00000000a5000000, 0x00000000a5000000, 0x00000000a5100000|  0%| F|  |TAMS 0x00000000a5000000| PB 0x00000000a5000000| Untracked 
|  53|0x00000000a5100000, 0x00000000a5100000, 0x00000000a5200000|  0%| F|  |TAMS 0x00000000a5100000| PB 0x00000000a5100000| Untracked 
|  54|0x00000000a5200000, 0x00000000a5200000, 0x00000000a5300000|  0%| F|  |TAMS 0x00000000a5200000| PB 0x00000000a5200000| Untracked 
|  55|0x00000000a5300000, 0x00000000a5300000, 0x00000000a5400000|  0%| F|  |TAMS 0x00000000a5300000| PB 0x00000000a5300000| Untracked 
|  56|0x00000000a5400000, 0x00000000a5400000, 0x00000000a5500000|  0%| F|  |TAMS 0x00000000a5400000| PB 0x00000000a5400000| Untracked 
|  57|0x00000000a5500000, 0x00000000a5500000, 0x00000000a5600000|  0%| F|  |TAMS 0x00000000a5500000| PB 0x00000000a5500000| Untracked 
|  58|0x00000000a5600000, 0x00000000a5600000, 0x00000000a5700000|  0%| F|  |TAMS 0x00000000a5600000| PB 0x00000000a5600000| Untracked 
|  59|0x00000000a5700000, 0x00000000a5700000, 0x00000000a5800000|  0%| F|  |TAMS 0x00000000a5700000| PB 0x00000000a5700000| Untracked 
|  60|0x00000000a5800000, 0x00000000a5800000, 0x00000000a5900000|  0%| F|  |TAMS 0x00000000a5800000| PB 0x00000000a5800000| Untracked 
|  61|0x00000000a5900000, 0x00000000a5900000, 0x00000000a5a00000|  0%| F|  |TAMS 0x00000000a5900000| PB 0x00000000a5900000| Untracked 
|  62|0x00000000a5a00000, 0x00000000a5a00000, 0x00000000a5b00000|  0%| F|  |TAMS 0x00000000a5a00000| PB 0x00000000a5a00000| Untracked 
|  63|0x00000000a5b00000, 0x00000000a5b00000, 0x00000000a5c00000|  0%| F|  |TAMS 0x00000000a5b00000| PB 0x00000000a5b00000| Untracked 
|  64|0x00000000a5c00000, 0x00000000a5c00000, 0x00000000a5d00000|  0%| F|  |TAMS 0x00000000a5c00000| PB 0x00000000a5c00000| Untracked 
|  65|0x00000000a5d00000, 0x00000000a5d00000, 0x00000000a5e00000|  0%| F|  |TAMS 0x00000000a5d00000| PB 0x00000000a5d00000| Untracked 
|  66|0x00000000a5e00000, 0x00000000a5e00000, 0x00000000a5f00000|  0%| F|  |TAMS 0x00000000a5e00000| PB 0x00000000a5e00000| Untracked 
|  67|0x00000000a5f00000, 0x00000000a5f00000, 0x00000000a6000000|  0%| F|  |TAMS 0x00000000a5f00000| PB 0x00000000a5f00000| Untracked 
|  68|0x00000000a6000000, 0x00000000a6000000, 0x00000000a6100000|  0%| F|  |TAMS 0x00000000a6000000| PB 0x00000000a6000000| Untracked 
|  69|0x00000000a6100000, 0x00000000a6100000, 0x00000000a6200000|  0%| F|  |TAMS 0x00000000a6100000| PB 0x00000000a6100000| Untracked 
|  70|0x00000000a6200000, 0x00000000a6200000, 0x00000000a6300000|  0%| F|  |TAMS 0x00000000a6200000| PB 0x00000000a6200000| Untracked 
|  71|0x00000000a6300000, 0x00000000a6300000, 0x00000000a6400000|  0%| F|  |TAMS 0x00000000a6300000| PB 0x00000000a6300000| Untracked 
|  72|0x00000000a6400000, 0x00000000a6400000, 0x00000000a6500000|  0%| F|  |TAMS 0x00000000a6400000| PB 0x00000000a6400000| Untracked 
|  73|0x00000000a6500000, 0x00000000a6500000, 0x00000000a6600000|  0%| F|  |TAMS 0x00000000a6500000| PB 0x00000000a6500000| Untracked 
|  74|0x00000000a6600000, 0x00000000a6600000, 0x00000000a6700000|  0%| F|  |TAMS 0x00000000a6600000| PB 0x00000000a6600000| Untracked 
|  75|0x00000000a6700000, 0x00000000a6700000, 0x00000000a6800000|  0%| F|  |TAMS 0x00000000a6700000| PB 0x00000000a6700000| Untracked 
|  76|0x00000000a6800000, 0x00000000a6800000, 0x00000000a6900000|  0%| F|  |TAMS 0x00000000a6800000| PB 0x00000000a6800000| Untracked 
|  77|0x00000000a6900000, 0x00000000a6900000, 0x00000000a6a00000|  0%| F|  |TAMS 0x00000000a6900000| PB 0x00000000a6900000| Untracked 
|  78|0x00000000a6a00000, 0x00000000a6a00000, 0x00000000a6b00000|  0%| F|  |TAMS 0x00000000a6a00000| PB 0x00000000a6a00000| Untracked 
|  79|0x00000000a6b00000, 0x00000000a6b00000, 0x00000000a6c00000|  0%| F|  |TAMS 0x00000000a6b00000| PB 0x00000000a6b00000| Untracked 
|  80|0x00000000a6c00000, 0x00000000a6c00000, 0x00000000a6d00000|  0%| F|  |TAMS 0x00000000a6c00000| PB 0x00000000a6c00000| Untracked 
|  81|0x00000000a6d00000, 0x00000000a6d00000, 0x00000000a6e00000|  0%| F|  |TAMS 0x00000000a6d00000| PB 0x00000000a6d00000| Untracked 
|  82|0x00000000a6e00000, 0x00000000a6e00000, 0x00000000a6f00000|  0%| F|  |TAMS 0x00000000a6e00000| PB 0x00000000a6e00000| Untracked 
|  83|0x00000000a6f00000, 0x00000000a6f00000, 0x00000000a7000000|  0%| F|  |TAMS 0x00000000a6f00000| PB 0x00000000a6f00000| Untracked 
|  84|0x00000000a7000000, 0x00000000a7000000, 0x00000000a7100000|  0%| F|  |TAMS 0x00000000a7000000| PB 0x00000000a7000000| Untracked 
|  85|0x00000000a7100000, 0x00000000a7100000, 0x00000000a7200000|  0%| F|  |TAMS 0x00000000a7100000| PB 0x00000000a7100000| Untracked 
|  86|0x00000000a7200000, 0x00000000a7200000, 0x00000000a7300000|  0%| F|  |TAMS 0x00000000a7200000| PB 0x00000000a7200000| Untracked 
|  87|0x00000000a7300000, 0x00000000a7300000, 0x00000000a7400000|  0%| F|  |TAMS 0x00000000a7300000| PB 0x00000000a7300000| Untracked 
|  88|0x00000000a7400000, 0x00000000a7400000, 0x00000000a7500000|  0%| F|  |TAMS 0x00000000a7400000| PB 0x00000000a7400000| Untracked 
|  89|0x00000000a7500000, 0x00000000a7500000, 0x00000000a7600000|  0%| F|  |TAMS 0x00000000a7500000| PB 0x00000000a7500000| Untracked 
|  90|0x00000000a7600000, 0x00000000a7600000, 0x00000000a7700000|  0%| F|  |TAMS 0x00000000a7600000| PB 0x00000000a7600000| Untracked 
|  91|0x00000000a7700000, 0x00000000a7700000, 0x00000000a7800000|  0%| F|  |TAMS 0x00000000a7700000| PB 0x00000000a7700000| Untracked 
|  92|0x00000000a7800000, 0x00000000a7800000, 0x00000000a7900000|  0%| F|  |TAMS 0x00000000a7800000| PB 0x00000000a7800000| Untracked 
|  93|0x00000000a7900000, 0x00000000a7900000, 0x00000000a7a00000|  0%| F|  |TAMS 0x00000000a7900000| PB 0x00000000a7900000| Untracked 
|  94|0x00000000a7a00000, 0x00000000a7a00000, 0x00000000a7b00000|  0%| F|  |TAMS 0x00000000a7a00000| PB 0x00000000a7a00000| Untracked 
|  95|0x00000000a7b00000, 0x00000000a7b00000, 0x00000000a7c00000|  0%| F|  |TAMS 0x00000000a7b00000| PB 0x00000000a7b00000| Untracked 
|  96|0x00000000a7c00000, 0x00000000a7c00000, 0x00000000a7d00000|  0%| F|  |TAMS 0x00000000a7c00000| PB 0x00000000a7c00000| Untracked 
|  97|0x00000000a7d00000, 0x00000000a7d00000, 0x00000000a7e00000|  0%| F|  |TAMS 0x00000000a7d00000| PB 0x00000000a7d00000| Untracked 
|  98|0x00000000a7e00000, 0x00000000a7e00000, 0x00000000a7f00000|  0%| F|  |TAMS 0x00000000a7e00000| PB 0x00000000a7e00000| Untracked 
|  99|0x00000000a7f00000, 0x00000000a7f00000, 0x00000000a8000000|  0%| F|  |TAMS 0x00000000a7f00000| PB 0x00000000a7f00000| Untracked 
| 100|0x00000000a8000000, 0x00000000a8000000, 0x00000000a8100000|  0%| F|  |TAMS 0x00000000a8000000| PB 0x00000000a8000000| Untracked 
| 101|0x00000000a8100000, 0x00000000a81dc910, 0x00000000a8200000| 86%| S|CS|TAMS 0x00000000a8100000| PB 0x00000000a8100000| Complete 
| 102|0x00000000a8200000, 0x00000000a8300000, 0x00000000a8300000|100%| S|CS|TAMS 0x00000000a8200000| PB 0x00000000a8200000| Complete 
| 103|0x00000000a8300000, 0x00000000a8400000, 0x00000000a8400000|100%| S|CS|TAMS 0x00000000a8300000| PB 0x00000000a8300000| Complete 
| 104|0x00000000a8400000, 0x00000000a8500000, 0x00000000a8500000|100%| S|CS|TAMS 0x00000000a8400000| PB 0x00000000a8400000| Complete 
| 105|0x00000000a8500000, 0x00000000a8600000, 0x00000000a8600000|100%| S|CS|TAMS 0x00000000a8500000| PB 0x00000000a8500000| Complete 
| 106|0x00000000a8600000, 0x00000000a8700000, 0x00000000a8700000|100%| S|CS|TAMS 0x00000000a8600000| PB 0x00000000a8600000| Complete 
| 107|0x00000000a8700000, 0x00000000a8800000, 0x00000000a8800000|100%| S|CS|TAMS 0x00000000a8700000| PB 0x00000000a8700000| Complete 
| 108|0x00000000a8800000, 0x00000000a8900000, 0x00000000a8900000|100%| S|CS|TAMS 0x00000000a8800000| PB 0x00000000a8800000| Complete 
| 109|0x00000000a8900000, 0x00000000a8900000, 0x00000000a8a00000|  0%| F|  |TAMS 0x00000000a8900000| PB 0x00000000a8900000| Untracked 
| 110|0x00000000a8a00000, 0x00000000a8a00000, 0x00000000a8b00000|  0%| F|  |TAMS 0x00000000a8a00000| PB 0x00000000a8a00000| Untracked 
| 111|0x00000000a8b00000, 0x00000000a8b00000, 0x00000000a8c00000|  0%| F|  |TAMS 0x00000000a8b00000| PB 0x00000000a8b00000| Untracked 
| 112|0x00000000a8c00000, 0x00000000a8c00000, 0x00000000a8d00000|  0%| F|  |TAMS 0x00000000a8c00000| PB 0x00000000a8c00000| Untracked 
| 113|0x00000000a8d00000, 0x00000000a8d00000, 0x00000000a8e00000|  0%| F|  |TAMS 0x00000000a8d00000| PB 0x00000000a8d00000| Untracked 
| 114|0x00000000a8e00000, 0x00000000a8e00000, 0x00000000a8f00000|  0%| F|  |TAMS 0x00000000a8e00000| PB 0x00000000a8e00000| Untracked 
| 115|0x00000000a8f00000, 0x00000000a8f00000, 0x00000000a9000000|  0%| F|  |TAMS 0x00000000a8f00000| PB 0x00000000a8f00000| Untracked 
| 116|0x00000000a9000000, 0x00000000a9000000, 0x00000000a9100000|  0%| F|  |TAMS 0x00000000a9000000| PB 0x00000000a9000000| Untracked 
| 117|0x00000000a9100000, 0x00000000a9100000, 0x00000000a9200000|  0%| F|  |TAMS 0x00000000a9100000| PB 0x00000000a9100000| Untracked 
| 118|0x00000000a9200000, 0x00000000a9200000, 0x00000000a9300000|  0%| F|  |TAMS 0x00000000a9200000| PB 0x00000000a9200000| Untracked 
| 119|0x00000000a9300000, 0x00000000a9300000, 0x00000000a9400000|  0%| F|  |TAMS 0x00000000a9300000| PB 0x00000000a9300000| Untracked 
| 120|0x00000000a9400000, 0x00000000a9400000, 0x00000000a9500000|  0%| F|  |TAMS 0x00000000a9400000| PB 0x00000000a9400000| Untracked 
| 121|0x00000000a9500000, 0x00000000a9500000, 0x00000000a9600000|  0%| F|  |TAMS 0x00000000a9500000| PB 0x00000000a9500000| Untracked 
| 122|0x00000000a9600000, 0x00000000a9600000, 0x00000000a9700000|  0%| F|  |TAMS 0x00000000a9600000| PB 0x00000000a9600000| Untracked 
| 123|0x00000000a9700000, 0x00000000a9700000, 0x00000000a9800000|  0%| F|  |TAMS 0x00000000a9700000| PB 0x00000000a9700000| Untracked 
| 124|0x00000000a9800000, 0x00000000a9800000, 0x00000000a9900000|  0%| F|  |TAMS 0x00000000a9800000| PB 0x00000000a9800000| Untracked 
| 125|0x00000000a9900000, 0x00000000a9900000, 0x00000000a9a00000|  0%| F|  |TAMS 0x00000000a9900000| PB 0x00000000a9900000| Untracked 
| 126|0x00000000a9a00000, 0x00000000a9a00000, 0x00000000a9b00000|  0%| F|  |TAMS 0x00000000a9a00000| PB 0x00000000a9a00000| Untracked 
| 127|0x00000000a9b00000, 0x00000000a9b00000, 0x00000000a9c00000|  0%| F|  |TAMS 0x00000000a9b00000| PB 0x00000000a9b00000| Untracked 
| 128|0x00000000a9c00000, 0x00000000a9c00000, 0x00000000a9d00000|  0%| F|  |TAMS 0x00000000a9c00000| PB 0x00000000a9c00000| Untracked 
| 129|0x00000000a9d00000, 0x00000000a9d00000, 0x00000000a9e00000|  0%| F|  |TAMS 0x00000000a9d00000| PB 0x00000000a9d00000| Untracked 
| 130|0x00000000a9e00000, 0x00000000a9e00000, 0x00000000a9f00000|  0%| F|  |TAMS 0x00000000a9e00000| PB 0x00000000a9e00000| Untracked 
| 131|0x00000000a9f00000, 0x00000000a9f00000, 0x00000000aa000000|  0%| F|  |TAMS 0x00000000a9f00000| PB 0x00000000a9f00000| Untracked 
| 132|0x00000000aa000000, 0x00000000aa000000, 0x00000000aa100000|  0%| F|  |TAMS 0x00000000aa000000| PB 0x00000000aa000000| Untracked 
| 133|0x00000000aa100000, 0x00000000aa100000, 0x00000000aa200000|  0%| F|  |TAMS 0x00000000aa100000| PB 0x00000000aa100000| Untracked 
| 134|0x00000000aa200000, 0x00000000aa200000, 0x00000000aa300000|  0%| F|  |TAMS 0x00000000aa200000| PB 0x00000000aa200000| Untracked 
| 135|0x00000000aa300000, 0x00000000aa300000, 0x00000000aa400000|  0%| F|  |TAMS 0x00000000aa300000| PB 0x00000000aa300000| Untracked 
| 136|0x00000000aa400000, 0x00000000aa400000, 0x00000000aa500000|  0%| F|  |TAMS 0x00000000aa400000| PB 0x00000000aa400000| Untracked 
| 137|0x00000000aa500000, 0x00000000aa500000, 0x00000000aa600000|  0%| F|  |TAMS 0x00000000aa500000| PB 0x00000000aa500000| Untracked 
| 138|0x00000000aa600000, 0x00000000aa600000, 0x00000000aa700000|  0%| F|  |TAMS 0x00000000aa600000| PB 0x00000000aa600000| Untracked 
| 139|0x00000000aa700000, 0x00000000aa700000, 0x00000000aa800000|  0%| F|  |TAMS 0x00000000aa700000| PB 0x00000000aa700000| Untracked 
| 140|0x00000000aa800000, 0x00000000aa800000, 0x00000000aa900000|  0%| F|  |TAMS 0x00000000aa800000| PB 0x00000000aa800000| Untracked 
| 141|0x00000000aa900000, 0x00000000aa900000, 0x00000000aaa00000|  0%| F|  |TAMS 0x00000000aa900000| PB 0x00000000aa900000| Untracked 
| 142|0x00000000aaa00000, 0x00000000aaa00000, 0x00000000aab00000|  0%| F|  |TAMS 0x00000000aaa00000| PB 0x00000000aaa00000| Untracked 
| 143|0x00000000aab00000, 0x00000000aab00000, 0x00000000aac00000|  0%| F|  |TAMS 0x00000000aab00000| PB 0x00000000aab00000| Untracked 
| 144|0x00000000aac00000, 0x00000000aac00000, 0x00000000aad00000|  0%| F|  |TAMS 0x00000000aac00000| PB 0x00000000aac00000| Untracked 
| 145|0x00000000aad00000, 0x00000000aad00000, 0x00000000aae00000|  0%| F|  |TAMS 0x00000000aad00000| PB 0x00000000aad00000| Untracked 
| 146|0x00000000aae00000, 0x00000000aae00000, 0x00000000aaf00000|  0%| F|  |TAMS 0x00000000aae00000| PB 0x00000000aae00000| Untracked 
| 147|0x00000000aaf00000, 0x00000000aaf00000, 0x00000000ab000000|  0%| F|  |TAMS 0x00000000aaf00000| PB 0x00000000aaf00000| Untracked 
| 148|0x00000000ab000000, 0x00000000ab000000, 0x00000000ab100000|  0%| F|  |TAMS 0x00000000ab000000| PB 0x00000000ab000000| Untracked 
| 149|0x00000000ab100000, 0x00000000ab100000, 0x00000000ab200000|  0%| F|  |TAMS 0x00000000ab100000| PB 0x00000000ab100000| Untracked 
| 150|0x00000000ab200000, 0x00000000ab200000, 0x00000000ab300000|  0%| F|  |TAMS 0x00000000ab200000| PB 0x00000000ab200000| Untracked 
| 151|0x00000000ab300000, 0x00000000ab300000, 0x00000000ab400000|  0%| F|  |TAMS 0x00000000ab300000| PB 0x00000000ab300000| Untracked 
| 152|0x00000000ab400000, 0x00000000ab400000, 0x00000000ab500000|  0%| F|  |TAMS 0x00000000ab400000| PB 0x00000000ab400000| Untracked 
| 153|0x00000000ab500000, 0x00000000ab500000, 0x00000000ab600000|  0%| F|  |TAMS 0x00000000ab500000| PB 0x00000000ab500000| Untracked 
| 154|0x00000000ab600000, 0x00000000ab600000, 0x00000000ab700000|  0%| F|  |TAMS 0x00000000ab600000| PB 0x00000000ab600000| Untracked 
| 155|0x00000000ab700000, 0x00000000ab700000, 0x00000000ab800000|  0%| F|  |TAMS 0x00000000ab700000| PB 0x00000000ab700000| Untracked 
| 156|0x00000000ab800000, 0x00000000ab800000, 0x00000000ab900000|  0%| F|  |TAMS 0x00000000ab800000| PB 0x00000000ab800000| Untracked 
| 157|0x00000000ab900000, 0x00000000ab900000, 0x00000000aba00000|  0%| F|  |TAMS 0x00000000ab900000| PB 0x00000000ab900000| Untracked 
| 158|0x00000000aba00000, 0x00000000aba00000, 0x00000000abb00000|  0%| F|  |TAMS 0x00000000aba00000| PB 0x00000000aba00000| Untracked 
| 159|0x00000000abb00000, 0x00000000abb00000, 0x00000000abc00000|  0%| F|  |TAMS 0x00000000abb00000| PB 0x00000000abb00000| Untracked 
| 160|0x00000000abc00000, 0x00000000abc00000, 0x00000000abd00000|  0%| F|  |TAMS 0x00000000abc00000| PB 0x00000000abc00000| Untracked 
| 161|0x00000000abd00000, 0x00000000abd00000, 0x00000000abe00000|  0%| F|  |TAMS 0x00000000abd00000| PB 0x00000000abd00000| Untracked 
| 162|0x00000000abe00000, 0x00000000abe00000, 0x00000000abf00000|  0%| F|  |TAMS 0x00000000abe00000| PB 0x00000000abe00000| Untracked 
| 163|0x00000000abf00000, 0x00000000abf00000, 0x00000000ac000000|  0%| F|  |TAMS 0x00000000abf00000| PB 0x00000000abf00000| Untracked 
| 164|0x00000000ac000000, 0x00000000ac000000, 0x00000000ac100000|  0%| F|  |TAMS 0x00000000ac000000| PB 0x00000000ac000000| Untracked 
| 165|0x00000000ac100000, 0x00000000ac100000, 0x00000000ac200000|  0%| F|  |TAMS 0x00000000ac100000| PB 0x00000000ac100000| Untracked 
| 166|0x00000000ac200000, 0x00000000ac200000, 0x00000000ac300000|  0%| F|  |TAMS 0x00000000ac200000| PB 0x00000000ac200000| Untracked 
| 167|0x00000000ac300000, 0x00000000ac300000, 0x00000000ac400000|  0%| F|  |TAMS 0x00000000ac300000| PB 0x00000000ac300000| Untracked 
| 168|0x00000000ac400000, 0x00000000ac400000, 0x00000000ac500000|  0%| F|  |TAMS 0x00000000ac400000| PB 0x00000000ac400000| Untracked 
| 169|0x00000000ac500000, 0x00000000ac500000, 0x00000000ac600000|  0%| F|  |TAMS 0x00000000ac500000| PB 0x00000000ac500000| Untracked 
| 170|0x00000000ac600000, 0x00000000ac600000, 0x00000000ac700000|  0%| F|  |TAMS 0x00000000ac600000| PB 0x00000000ac600000| Untracked 
| 171|0x00000000ac700000, 0x00000000ac700000, 0x00000000ac800000|  0%| F|  |TAMS 0x00000000ac700000| PB 0x00000000ac700000| Untracked 
| 172|0x00000000ac800000, 0x00000000ac800000, 0x00000000ac900000|  0%| F|  |TAMS 0x00000000ac800000| PB 0x00000000ac800000| Untracked 
| 173|0x00000000ac900000, 0x00000000ac900000, 0x00000000aca00000|  0%| F|  |TAMS 0x00000000ac900000| PB 0x00000000ac900000| Untracked 
| 174|0x00000000aca00000, 0x00000000aca00000, 0x00000000acb00000|  0%| F|  |TAMS 0x00000000aca00000| PB 0x00000000aca00000| Untracked 
| 175|0x00000000acb00000, 0x00000000acb00000, 0x00000000acc00000|  0%| F|  |TAMS 0x00000000acb00000| PB 0x00000000acb00000| Untracked 
| 176|0x00000000acc00000, 0x00000000acc00000, 0x00000000acd00000|  0%| F|  |TAMS 0x00000000acc00000| PB 0x00000000acc00000| Untracked 
| 177|0x00000000acd00000, 0x00000000acd00000, 0x00000000ace00000|  0%| F|  |TAMS 0x00000000acd00000| PB 0x00000000acd00000| Untracked 
| 178|0x00000000ace00000, 0x00000000ace00000, 0x00000000acf00000|  0%| F|  |TAMS 0x00000000ace00000| PB 0x00000000ace00000| Untracked 
| 179|0x00000000acf00000, 0x00000000acf00000, 0x00000000ad000000|  0%| F|  |TAMS 0x00000000acf00000| PB 0x00000000acf00000| Untracked 
| 180|0x00000000ad000000, 0x00000000ad000000, 0x00000000ad100000|  0%| F|  |TAMS 0x00000000ad000000| PB 0x00000000ad000000| Untracked 
| 181|0x00000000ad100000, 0x00000000ad100000, 0x00000000ad200000|  0%| F|  |TAMS 0x00000000ad100000| PB 0x00000000ad100000| Untracked 
| 182|0x00000000ad200000, 0x00000000ad200000, 0x00000000ad300000|  0%| F|  |TAMS 0x00000000ad200000| PB 0x00000000ad200000| Untracked 
| 183|0x00000000ad300000, 0x00000000ad300000, 0x00000000ad400000|  0%| F|  |TAMS 0x00000000ad300000| PB 0x00000000ad300000| Untracked 
| 184|0x00000000ad400000, 0x00000000ad400000, 0x00000000ad500000|  0%| F|  |TAMS 0x00000000ad400000| PB 0x00000000ad400000| Untracked 
| 185|0x00000000ad500000, 0x00000000ad500000, 0x00000000ad600000|  0%| F|  |TAMS 0x00000000ad500000| PB 0x00000000ad500000| Untracked 
| 186|0x00000000ad600000, 0x00000000ad600000, 0x00000000ad700000|  0%| F|  |TAMS 0x00000000ad600000| PB 0x00000000ad600000| Untracked 
| 187|0x00000000ad700000, 0x00000000ad700000, 0x00000000ad800000|  0%| F|  |TAMS 0x00000000ad700000| PB 0x00000000ad700000| Untracked 
| 188|0x00000000ad800000, 0x00000000ad800000, 0x00000000ad900000|  0%| F|  |TAMS 0x00000000ad800000| PB 0x00000000ad800000| Untracked 
| 189|0x00000000ad900000, 0x00000000ad900000, 0x00000000ada00000|  0%| F|  |TAMS 0x00000000ad900000| PB 0x00000000ad900000| Untracked 
| 190|0x00000000ada00000, 0x00000000ada00000, 0x00000000adb00000|  0%| F|  |TAMS 0x00000000ada00000| PB 0x00000000ada00000| Untracked 
| 191|0x00000000adb00000, 0x00000000adb00000, 0x00000000adc00000|  0%| F|  |TAMS 0x00000000adb00000| PB 0x00000000adb00000| Untracked 
| 192|0x00000000adc00000, 0x00000000adc00000, 0x00000000add00000|  0%| F|  |TAMS 0x00000000adc00000| PB 0x00000000adc00000| Untracked 
| 193|0x00000000add00000, 0x00000000add00000, 0x00000000ade00000|  0%| F|  |TAMS 0x00000000add00000| PB 0x00000000add00000| Untracked 
| 194|0x00000000ade00000, 0x00000000ade00000, 0x00000000adf00000|  0%| F|  |TAMS 0x00000000ade00000| PB 0x00000000ade00000| Untracked 
| 195|0x00000000adf00000, 0x00000000adf00000, 0x00000000ae000000|  0%| F|  |TAMS 0x00000000adf00000| PB 0x00000000adf00000| Untracked 
| 196|0x00000000ae000000, 0x00000000ae000000, 0x00000000ae100000|  0%| F|  |TAMS 0x00000000ae000000| PB 0x00000000ae000000| Untracked 
| 197|0x00000000ae100000, 0x00000000ae100000, 0x00000000ae200000|  0%| F|  |TAMS 0x00000000ae100000| PB 0x00000000ae100000| Untracked 
| 198|0x00000000ae200000, 0x00000000ae200000, 0x00000000ae300000|  0%| F|  |TAMS 0x00000000ae200000| PB 0x00000000ae200000| Untracked 
| 199|0x00000000ae300000, 0x00000000ae300000, 0x00000000ae400000|  0%| F|  |TAMS 0x00000000ae300000| PB 0x00000000ae300000| Untracked 
| 200|0x00000000ae400000, 0x00000000ae400000, 0x00000000ae500000|  0%| F|  |TAMS 0x00000000ae400000| PB 0x00000000ae400000| Untracked 
| 201|0x00000000ae500000, 0x00000000ae500000, 0x00000000ae600000|  0%| F|  |TAMS 0x00000000ae500000| PB 0x00000000ae500000| Untracked 
| 202|0x00000000ae600000, 0x00000000ae600000, 0x00000000ae700000|  0%| F|  |TAMS 0x00000000ae600000| PB 0x00000000ae600000| Untracked 
| 203|0x00000000ae700000, 0x00000000ae700000, 0x00000000ae800000|  0%| F|  |TAMS 0x00000000ae700000| PB 0x00000000ae700000| Untracked 
| 204|0x00000000ae800000, 0x00000000ae800000, 0x00000000ae900000|  0%| F|  |TAMS 0x00000000ae800000| PB 0x00000000ae800000| Untracked 
| 205|0x00000000ae900000, 0x00000000ae900000, 0x00000000aea00000|  0%| F|  |TAMS 0x00000000ae900000| PB 0x00000000ae900000| Untracked 
| 206|0x00000000aea00000, 0x00000000aea00000, 0x00000000aeb00000|  0%| F|  |TAMS 0x00000000aea00000| PB 0x00000000aea00000| Untracked 
| 207|0x00000000aeb00000, 0x00000000aeb00000, 0x00000000aec00000|  0%| F|  |TAMS 0x00000000aeb00000| PB 0x00000000aeb00000| Untracked 
| 208|0x00000000aec00000, 0x00000000aec00000, 0x00000000aed00000|  0%| F|  |TAMS 0x00000000aec00000| PB 0x00000000aec00000| Untracked 
| 209|0x00000000aed00000, 0x00000000aed00000, 0x00000000aee00000|  0%| F|  |TAMS 0x00000000aed00000| PB 0x00000000aed00000| Untracked 
| 210|0x00000000aee00000, 0x00000000aee00000, 0x00000000aef00000|  0%| F|  |TAMS 0x00000000aee00000| PB 0x00000000aee00000| Untracked 
| 211|0x00000000aef00000, 0x00000000aef00000, 0x00000000af000000|  0%| F|  |TAMS 0x00000000aef00000| PB 0x00000000aef00000| Untracked 
| 212|0x00000000af000000, 0x00000000af000000, 0x00000000af100000|  0%| F|  |TAMS 0x00000000af000000| PB 0x00000000af000000| Untracked 
| 213|0x00000000af100000, 0x00000000af100000, 0x00000000af200000|  0%| F|  |TAMS 0x00000000af100000| PB 0x00000000af100000| Untracked 
| 214|0x00000000af200000, 0x00000000af200000, 0x00000000af300000|  0%| F|  |TAMS 0x00000000af200000| PB 0x00000000af200000| Untracked 
| 215|0x00000000af300000, 0x00000000af300000, 0x00000000af400000|  0%| F|  |TAMS 0x00000000af300000| PB 0x00000000af300000| Untracked 
| 216|0x00000000af400000, 0x00000000af400000, 0x00000000af500000|  0%| F|  |TAMS 0x00000000af400000| PB 0x00000000af400000| Untracked 
| 217|0x00000000af500000, 0x00000000af500000, 0x00000000af600000|  0%| F|  |TAMS 0x00000000af500000| PB 0x00000000af500000| Untracked 
| 218|0x00000000af600000, 0x00000000af600000, 0x00000000af700000|  0%| F|  |TAMS 0x00000000af600000| PB 0x00000000af600000| Untracked 
| 219|0x00000000af700000, 0x00000000af700000, 0x00000000af800000|  0%| F|  |TAMS 0x00000000af700000| PB 0x00000000af700000| Untracked 
| 220|0x00000000af800000, 0x00000000af800000, 0x00000000af900000|  0%| F|  |TAMS 0x00000000af800000| PB 0x00000000af800000| Untracked 
| 221|0x00000000af900000, 0x00000000af900000, 0x00000000afa00000|  0%| F|  |TAMS 0x00000000af900000| PB 0x00000000af900000| Untracked 
| 222|0x00000000afa00000, 0x00000000afa00000, 0x00000000afb00000|  0%| F|  |TAMS 0x00000000afa00000| PB 0x00000000afa00000| Untracked 
| 223|0x00000000afb00000, 0x00000000afb00000, 0x00000000afc00000|  0%| F|  |TAMS 0x00000000afb00000| PB 0x00000000afb00000| Untracked 
| 224|0x00000000afc00000, 0x00000000afc00000, 0x00000000afd00000|  0%| F|  |TAMS 0x00000000afc00000| PB 0x00000000afc00000| Untracked 
| 225|0x00000000afd00000, 0x00000000afd00000, 0x00000000afe00000|  0%| F|  |TAMS 0x00000000afd00000| PB 0x00000000afd00000| Untracked 
| 226|0x00000000afe00000, 0x00000000afe00000, 0x00000000aff00000|  0%| F|  |TAMS 0x00000000afe00000| PB 0x00000000afe00000| Untracked 
| 227|0x00000000aff00000, 0x00000000aff00000, 0x00000000b0000000|  0%| F|  |TAMS 0x00000000aff00000| PB 0x00000000aff00000| Untracked 
| 228|0x00000000b0000000, 0x00000000b0000000, 0x00000000b0100000|  0%| F|  |TAMS 0x00000000b0000000| PB 0x00000000b0000000| Untracked 
| 229|0x00000000b0100000, 0x00000000b0100000, 0x00000000b0200000|  0%| F|  |TAMS 0x00000000b0100000| PB 0x00000000b0100000| Untracked 
| 230|0x00000000b0200000, 0x00000000b0200000, 0x00000000b0300000|  0%| F|  |TAMS 0x00000000b0200000| PB 0x00000000b0200000| Untracked 
| 231|0x00000000b0300000, 0x00000000b0300000, 0x00000000b0400000|  0%| F|  |TAMS 0x00000000b0300000| PB 0x00000000b0300000| Untracked 
| 232|0x00000000b0400000, 0x00000000b0400000, 0x00000000b0500000|  0%| F|  |TAMS 0x00000000b0400000| PB 0x00000000b0400000| Untracked 
| 233|0x00000000b0500000, 0x00000000b0500000, 0x00000000b0600000|  0%| F|  |TAMS 0x00000000b0500000| PB 0x00000000b0500000| Untracked 
| 234|0x00000000b0600000, 0x00000000b0600000, 0x00000000b0700000|  0%| F|  |TAMS 0x00000000b0600000| PB 0x00000000b0600000| Untracked 
| 235|0x00000000b0700000, 0x00000000b0700000, 0x00000000b0800000|  0%| F|  |TAMS 0x00000000b0700000| PB 0x00000000b0700000| Untracked 
| 236|0x00000000b0800000, 0x00000000b0800000, 0x00000000b0900000|  0%| F|  |TAMS 0x00000000b0800000| PB 0x00000000b0800000| Untracked 
| 237|0x00000000b0900000, 0x00000000b0900000, 0x00000000b0a00000|  0%| F|  |TAMS 0x00000000b0900000| PB 0x00000000b0900000| Untracked 
| 238|0x00000000b0a00000, 0x00000000b0a00000, 0x00000000b0b00000|  0%| F|  |TAMS 0x00000000b0a00000| PB 0x00000000b0a00000| Untracked 
| 239|0x00000000b0b00000, 0x00000000b0b00000, 0x00000000b0c00000|  0%| F|  |TAMS 0x00000000b0b00000| PB 0x00000000b0b00000| Untracked 
| 240|0x00000000b0c00000, 0x00000000b0c00000, 0x00000000b0d00000|  0%| F|  |TAMS 0x00000000b0c00000| PB 0x00000000b0c00000| Untracked 
| 241|0x00000000b0d00000, 0x00000000b0d7a8c8, 0x00000000b0e00000| 47%| E|  |TAMS 0x00000000b0d00000| PB 0x00000000b0d00000| Complete 
| 242|0x00000000b0e00000, 0x00000000b0f00000, 0x00000000b0f00000|100%| E|CS|TAMS 0x00000000b0e00000| PB 0x00000000b0e00000| Complete 
| 243|0x00000000b0f00000, 0x00000000b1000000, 0x00000000b1000000|100%| E|CS|TAMS 0x00000000b0f00000| PB 0x00000000b0f00000| Complete 
| 244|0x00000000b1000000, 0x00000000b1100000, 0x00000000b1100000|100%| E|CS|TAMS 0x00000000b1000000| PB 0x00000000b1000000| Complete 
| 245|0x00000000b1100000, 0x00000000b1200000, 0x00000000b1200000|100%| E|CS|TAMS 0x00000000b1100000| PB 0x00000000b1100000| Complete 
| 246|0x00000000b1200000, 0x00000000b1300000, 0x00000000b1300000|100%| E|CS|TAMS 0x00000000b1200000| PB 0x00000000b1200000| Complete 
| 247|0x00000000b1300000, 0x00000000b1400000, 0x00000000b1400000|100%| E|CS|TAMS 0x00000000b1300000| PB 0x00000000b1300000| Complete 
| 248|0x00000000b1400000, 0x00000000b1500000, 0x00000000b1500000|100%| E|CS|TAMS 0x00000000b1400000| PB 0x00000000b1400000| Complete 
| 249|0x00000000b1500000, 0x00000000b1600000, 0x00000000b1600000|100%| E|CS|TAMS 0x00000000b1500000| PB 0x00000000b1500000| Complete 
| 250|0x00000000b1600000, 0x00000000b1700000, 0x00000000b1700000|100%| E|CS|TAMS 0x00000000b1600000| PB 0x00000000b1600000| Complete 
| 251|0x00000000b1700000, 0x00000000b1800000, 0x00000000b1800000|100%| E|CS|TAMS 0x00000000b1700000| PB 0x00000000b1700000| Complete 

Card table byte_map: [0x0000013bf3770000,0x0000013bf3a70000] _byte_map_base: 0x0000013bf3262000

Marking Bits: (CMBitMap*) 0x0000013be83283e0
 Bits: [0x0000013bf3a70000, 0x0000013bf5200000)

Polling page: 0x0000013be7a30000

Metaspace:

Usage:
  Non-class:     68.29 MB used.
      Class:     11.39 MB used.
       Both:     79.68 MB used.

Virtual space:
  Non-class space:      128.00 MB reserved,      68.75 MB ( 54%) committed,  2 nodes.
      Class space:        1.00 GB reserved,      11.75 MB (  1%) committed,  1 nodes.
             Both:        1.12 GB reserved,      80.50 MB (  7%) committed. 

Chunk freelists:
   Non-Class:  11.18 MB
       Class:  4.17 MB
        Both:  15.35 MB

MaxMetaspaceSize: unlimited
CompressedClassSpaceSize: 1.00 GB
Initial GC threshold: 21.00 MB
Current GC threshold: 114.38 MB
CDS: on
 - commit_granule_bytes: 65536.
 - commit_granule_words: 8192.
 - virtual_space_node_default_size: 8388608.
 - enlarge_chunks_in_place: 1.
 - use_allocation_guard: 0.


Internal statistics:

num_allocs_failed_limit: 9.
num_arena_births: 1154.
num_arena_deaths: 2.
num_vsnodes_births: 3.
num_vsnodes_deaths: 0.
num_space_committed: 1288.
num_space_uncommitted: 0.
num_chunks_returned_to_freelist: 12.
num_chunks_taken_from_freelist: 4146.
num_chunk_merges: 9.
num_chunk_splits: 3011.
num_chunks_enlarged: 2337.
num_inconsistent_stats: 0.

CodeCache: size=49152Kb used=16747Kb max_used=17548Kb free=32404Kb
 bounds [0x0000013bf0770000, 0x0000013bf18b0000, 0x0000013bf3770000]
 total_blobs=10476 nmethods=9717 adapters=682
 compilation: enabled
              stopped_count=0, restarted_count=0
 full_count=0

Compilation events (20 events):
Event: 1798.302 Thread 0x0000013bf77b8200 10542       1       java.util.regex.Pattern::Single (7 bytes)
Event: 1798.302 Thread 0x0000013bf77b8200 nmethod 10542 0x0000013bf186aa90 code [0x0000013bf186ac40, 0x0000013bf186ad28]
Event: 1798.342 Thread 0x0000013bf77b8200 10544       1       org.springframework.boot.devtools.filewatch.ChangedFile::getType (5 bytes)
Event: 1798.342 Thread 0x0000013bf77b8200 nmethod 10544 0x0000013bf186a790 code [0x0000013bf186a920, 0x0000013bf186a9e8]
Event: 1798.574 Thread 0x0000013bf77b8200 10545       1       org.springframework.context.event.GenericApplicationListenerAdapter::resolveDeclaredEventType (57 bytes)
Event: 1798.592 Thread 0x0000013bf77b8200 nmethod 10545 0x0000013bf186a090 code [0x0000013bf186a280, 0x0000013bf186a5a8]
Event: 1798.791 Thread 0x0000013bf77b8200 10546       1       java.net.InetAddress::holder (5 bytes)
Event: 1798.792 Thread 0x0000013bf77b8200 nmethod 10546 0x0000013bf1869d90 code [0x0000013bf1869f20, 0x0000013bf1869fe8]
Event: 1798.874 Thread 0x0000013bf77b8200 10547       1       org.apache.tomcat.util.threads.ThreadPoolExecutor::runStateAtLeast (11 bytes)
Event: 1798.875 Thread 0x0000013bf77b8200 nmethod 10547 0x0000013bf1869a90 code [0x0000013bf1869c20, 0x0000013bf1869cd8]
Event: 1798.924 Thread 0x0000013bf77b8200 10548   !   1       org.springframework.beans.factory.support.DefaultSingletonBeanRegistry::destroyBean (349 bytes)
Event: 1798.928 Thread 0x0000013bf77b8200 nmethod 10548 0x0000013bf1868310 code [0x0000013bf18686a0, 0x0000013bf18692e0]
Event: 1799.250 Thread 0x0000013bf77b8200 10549       1       org.hibernate.service.spi.ServiceBinding::getLifecycleOwner (5 bytes)
Event: 1799.257 Thread 0x0000013bf77b8200 nmethod 10549 0x0000013bf1868010 code [0x0000013bf18681a0, 0x0000013bf1868268]
Event: 1799.623 Thread 0x0000013bf77b8200 10550       1       org.apache.juli.logging.DirectJDKLog::isDebugEnabled (11 bytes)
Event: 1799.627 Thread 0x0000013bf77b8200 nmethod 10550 0x0000013bf1867c90 code [0x0000013bf1867e20, 0x0000013bf1867f30]
Event: 1799.698 Thread 0x0000013bf77b8200 10551       1       jdk.internal.misc.Unsafe::bool2byte (10 bytes)
Event: 1799.698 Thread 0x0000013bf77b8200 nmethod 10551 0x0000013bf1867990 code [0x0000013bf1867b20, 0x0000013bf1867bf8]
Event: 1799.702 Thread 0x0000013bf77b8200 10552  s    1       org.apache.catalina.util.LifecycleBase::setStateInternal (144 bytes)
Event: 1799.707 Thread 0x0000013bf77b8200 nmethod 10552 0x0000013bf1866d10 code [0x0000013bf1866f40, 0x0000013bf1867670]

GC Heap History (20 events):
Event: 16.790 GC heap after
{Heap after GC invocations=22 (full 0):
 garbage-first heap   total 70656K, used 37090K [0x00000000a1c00000, 0x0000000100000000)
  region size 1024K, 4 young (4096K), 4 survivors (4096K)
 Metaspace       used 65109K, committed 65856K, reserved 1114112K
  class space    used 9130K, committed 9472K, reserved 1048576K
}
Event: 17.162 GC heap before
{Heap before GC invocations=23 (full 0):
 garbage-first heap   total 71680K, used 61666K [0x00000000a1c00000, 0x0000000100000000)
  region size 1024K, 28 young (28672K), 4 survivors (4096K)
 Metaspace       used 65407K, committed 66176K, reserved 1114112K
  class space    used 9148K, committed 9472K, reserved 1048576K
}
Event: 17.168 GC heap after
{Heap after GC invocations=24 (full 0):
 garbage-first heap   total 71680K, used 38283K [0x00000000a1c00000, 0x0000000100000000)
  region size 1024K, 3 young (3072K), 3 survivors (3072K)
 Metaspace       used 65407K, committed 66176K, reserved 1114112K
  class space    used 9148K, committed 9472K, reserved 1048576K
}
Event: 17.844 GC heap before
{Heap before GC invocations=24 (full 0):
 garbage-first heap   total 71680K, used 62859K [0x00000000a1c00000, 0x0000000100000000)
  region size 1024K, 28 young (28672K), 3 survivors (3072K)
 Metaspace       used 67409K, committed 68160K, reserved 1114112K
  class space    used 9584K, committed 9920K, reserved 1048576K
}
Event: 17.856 GC heap after
{Heap after GC invocations=25 (full 0):
 garbage-first heap   total 71680K, used 39293K [0x00000000a1c00000, 0x0000000100000000)
  region size 1024K, 3 young (3072K), 3 survivors (3072K)
 Metaspace       used 67409K, committed 68160K, reserved 1114112K
  class space    used 9584K, committed 9920K, reserved 1048576K
}
Event: 18.284 GC heap before
{Heap before GC invocations=25 (full 0):
 garbage-first heap   total 71680K, used 62845K [0x00000000a1c00000, 0x0000000100000000)
  region size 1024K, 27 young (27648K), 3 survivors (3072K)
 Metaspace       used 69208K, committed 69952K, reserved 1114112K
  class space    used 9962K, committed 10304K, reserved 1048576K
}
Event: 18.291 GC heap after
{Heap after GC invocations=26 (full 0):
 garbage-first heap   total 71680K, used 41096K [0x00000000a1c00000, 0x0000000100000000)
  region size 1024K, 4 young (4096K), 4 survivors (4096K)
 Metaspace       used 69208K, committed 69952K, reserved 1114112K
  class space    used 9962K, committed 10304K, reserved 1048576K
}
Event: 18.460 GC heap before
{Heap before GC invocations=27 (full 0):
 garbage-first heap   total 104448K, used 60552K [0x00000000a1c00000, 0x0000000100000000)
  region size 1024K, 24 young (24576K), 4 survivors (4096K)
 Metaspace       used 69888K, committed 70656K, reserved 1114112K
  class space    used 10035K, committed 10368K, reserved 1048576K
}
Event: 18.468 GC heap after
{Heap after GC invocations=28 (full 0):
 garbage-first heap   total 104448K, used 41267K [0x00000000a1c00000, 0x0000000100000000)
  region size 1024K, 2 young (2048K), 2 survivors (2048K)
 Metaspace       used 69888K, committed 70656K, reserved 1114112K
  class space    used 10035K, committed 10368K, reserved 1048576K
}
Event: 20.483 GC heap before
{Heap before GC invocations=28 (full 0):
 garbage-first heap   total 104448K, used 95539K [0x00000000a1c00000, 0x0000000100000000)
  region size 1024K, 55 young (56320K), 2 survivors (2048K)
 Metaspace       used 71244K, committed 72000K, reserved 1114112K
  class space    used 10174K, committed 10496K, reserved 1048576K
}
Event: 20.491 GC heap after
{Heap after GC invocations=29 (full 0):
 garbage-first heap   total 258048K, used 43136K [0x00000000a1c00000, 0x0000000100000000)
  region size 1024K, 4 young (4096K), 4 survivors (4096K)
 Metaspace       used 71244K, committed 72000K, reserved 1114112K
  class space    used 10174K, committed 10496K, reserved 1048576K
}
Event: 242.811 GC heap before
{Heap before GC invocations=29 (full 0):
 garbage-first heap   total 258048K, used 192640K [0x00000000a1c00000, 0x0000000100000000)
  region size 1024K, 151 young (154624K), 4 survivors (4096K)
 Metaspace       used 80955K, committed 81856K, reserved 1179648K
  class space    used 11565K, committed 11968K, reserved 1048576K
}
Event: 243.030 GC heap after
{Heap after GC invocations=30 (full 0):
 garbage-first heap   total 258048K, used 49215K [0x00000000a1c00000, 0x0000000100000000)
  region size 1024K, 10 young (10240K), 10 survivors (10240K)
 Metaspace       used 80955K, committed 81856K, reserved 1179648K
  class space    used 11565K, committed 11968K, reserved 1048576K
}
Event: 719.915 GC heap before
{Heap before GC invocations=30 (full 0):
 garbage-first heap   total 258048K, used 185407K [0x00000000a1c00000, 0x0000000100000000)
  region size 1024K, 143 young (146432K), 10 survivors (10240K)
 Metaspace       used 81143K, committed 81984K, reserved 1179648K
  class space    used 11596K, committed 11968K, reserved 1048576K
}
Event: 720.012 GC heap after
{Heap after GC invocations=31 (full 0):
 garbage-first heap   total 258048K, used 47918K [0x00000000a1c00000, 0x0000000100000000)
  region size 1024K, 8 young (8192K), 8 survivors (8192K)
 Metaspace       used 81143K, committed 81984K, reserved 1179648K
  class space    used 11596K, committed 11968K, reserved 1048576K
}
Event: 1234.538 GC heap before
{Heap before GC invocations=31 (full 0):
 garbage-first heap   total 258048K, used 194350K [0x00000000a1c00000, 0x0000000100000000)
  region size 1024K, 151 young (154624K), 8 survivors (8192K)
 Metaspace       used 81504K, committed 82240K, reserved 1179648K
  class space    used 11640K, committed 11968K, reserved 1048576K
}
Event: 1234.669 GC heap after
{Heap after GC invocations=32 (full 0):
 garbage-first heap   total 258048K, used 48554K [0x00000000a1c00000, 0x0000000100000000)
  region size 1024K, 8 young (8192K), 8 survivors (8192K)
 Metaspace       used 81504K, committed 82240K, reserved 1179648K
  class space    used 11640K, committed 11968K, reserved 1048576K
}
Event: 1765.604 GC heap before
{Heap before GC invocations=32 (full 0):
 garbage-first heap   total 258048K, used 194986K [0x00000000a1c00000, 0x0000000100000000)
  region size 1024K, 151 young (154624K), 8 survivors (8192K)
 Metaspace       used 81504K, committed 82240K, reserved 1179648K
  class space    used 11640K, committed 11968K, reserved 1048576K
}
Event: 1765.731 GC heap after
{Heap after GC invocations=33 (full 0):
 garbage-first heap   total 258048K, used 48412K [0x00000000a1c00000, 0x0000000100000000)
  region size 1024K, 8 young (8192K), 8 survivors (8192K)
 Metaspace       used 81504K, committed 82240K, reserved 1179648K
  class space    used 11640K, committed 11968K, reserved 1048576K
}
Event: 1799.712 GC heap before
{Heap before GC invocations=33 (full 0):
 garbage-first heap   total 258048K, used 58652K [0x00000000a1c00000, 0x0000000100000000)
  region size 1024K, 19 young (19456K), 8 survivors (8192K)
 Metaspace       used 81588K, committed 82432K, reserved 1179648K
  class space    used 11659K, committed 12032K, reserved 1048576K
}

Dll operation events (10 events):
Event: 0.030 Loaded shared library C:\Program Files\Java\jdk-21\bin\java.dll
Event: 0.268 Loaded shared library C:\Program Files\Java\jdk-21\bin\net.dll
Event: 0.272 Loaded shared library C:\Program Files\Java\jdk-21\bin\nio.dll
Event: 0.281 Loaded shared library C:\Program Files\Java\jdk-21\bin\zip.dll
Event: 0.562 Loaded shared library C:\Program Files\Java\jdk-21\bin\jimage.dll
Event: 1.155 Loaded shared library C:\Program Files\Java\jdk-21\bin\management.dll
Event: 1.165 Loaded shared library C:\Program Files\Java\jdk-21\bin\management_ext.dll
Event: 3.481 Loaded shared library C:\Program Files\Java\jdk-21\bin\sunmscapi.dll
Event: 9.872 Loaded shared library C:\Program Files\Java\jdk-21\bin\verify.dll
Event: 10.615 Loaded shared library C:\Program Files\Java\jdk-21\bin\extnet.dll

Deoptimization events (4 events):
Event: 7.895 Thread 0x0000013bfc460cd0 DEOPT PACKING pc=0x0000013bf0f98924 sp=0x0000001763cfba10
Event: 7.895 Thread 0x0000013bfc460cd0 DEOPT UNPACKING pc=0x0000013bf07c4e42 sp=0x0000001763cfafb8 mode 0
Event: 7.895 Thread 0x0000013bfc460cd0 DEOPT PACKING pc=0x0000013bf0ee1b0c sp=0x0000001763cfbc10
Event: 7.895 Thread 0x0000013bfc460cd0 DEOPT UNPACKING pc=0x0000013bf07c4e42 sp=0x0000001763cfb0d0 mode 0

Classes loaded (20 events):
Event: 293.362 Loading class java/util/stream/ReduceOps$6ReducingSink
Event: 293.363 Loading class java/util/stream/ReduceOps$6ReducingSink done
Event: 293.364 Loading class java/util/stream/ReferencePipeline$4$1
Event: 293.366 Loading class java/util/stream/ReferencePipeline$4$1 done
Event: 293.397 Loading class java/lang/Throwable$WrappedPrintWriter
Event: 293.398 Loading class java/lang/Throwable$WrappedPrintWriter done
Event: 613.269 Loading class sun/security/ssl/Alert
Event: 613.721 Loading class sun/security/ssl/Alert done
Event: 613.820 Loading class sun/security/ssl/Alert$AlertConsumer
Event: 613.951 Loading class sun/security/ssl/Alert$AlertConsumer done
Event: 613.952 Loading class sun/security/ssl/Alert$Level
Event: 613.984 Loading class sun/security/ssl/Alert$Level done
Event: 614.010 Loading class sun/net/ConnectionResetException
Event: 614.015 Loading class sun/net/ConnectionResetException done
Event: 1025.833 Loading class java/util/concurrent/locks/ReentrantReadWriteLock$Sync$HoldCounter
Event: 1025.905 Loading class java/util/concurrent/locks/ReentrantReadWriteLock$Sync$HoldCounter done
Event: 1053.075 Loading class java/io/PushbackInputStream
Event: 1053.079 Loading class java/io/PushbackInputStream done
Event: 1798.754 Loading class java/util/concurrent/locks/AbstractQueuedSynchronizer$SharedNode
Event: 1798.762 Loading class java/util/concurrent/locks/AbstractQueuedSynchronizer$SharedNode done

Classes unloaded (1 events):
Event: 18.391 Thread 0x0000013bf7793f00 Unloading class 0x0000013b81944800 'jdk/internal/reflect/GeneratedSerializationConstructorAccessor1'

Classes redefined (0 events):
No events

Internal exceptions (20 events):
Event: 403.929 Thread 0x0000013bff0686f0 Exception <a 'sun/nio/fs/WindowsException'{0x00000000ae9da1b0}> (0x00000000ae9da1b0) 
thrown [s\open\src\hotspot\share\prims\jni.cpp, line 520]
Event: 403.929 Thread 0x0000013bff0686f0 Exception <a 'sun/nio/fs/WindowsException'{0x00000000ae9db348}> (0x00000000ae9db348) 
thrown [s\open\src\hotspot\share\prims\jni.cpp, line 520]
Event: 421.082 Thread 0x0000013bfd7c92a0 Exception <a 'sun/nio/fs/WindowsException'{0x00000000ae4df170}> (0x00000000ae4df170) 
thrown [s\open\src\hotspot\share\prims\jni.cpp, line 520]
Event: 421.083 Thread 0x0000013bfd7c92a0 Exception <a 'sun/nio/fs/WindowsException'{0x00000000ae4e0308}> (0x00000000ae4e0308) 
thrown [s\open\src\hotspot\share\prims\jni.cpp, line 520]
Event: 613.989 Thread 0x0000013bff068d80 Exception <a 'java/io/IOException'{0x00000000aaf03028}> (0x00000000aaf03028) 
thrown [s\open\src\hotspot\share\prims\jni.cpp, line 520]
Event: 614.009 Thread 0x0000013bff068d80 Exception <a 'java/io/IOException'{0x00000000aaf04440}> (0x00000000aaf04440) 
thrown [s\open\src\hotspot\share\prims\jni.cpp, line 520]
Event: 920.009 Thread 0x0000013bff06b4e0 Exception <a 'sun/nio/fs/WindowsException'{0x00000000ae01abe8}> (0x00000000ae01abe8) 
thrown [s\open\src\hotspot\share\prims\jni.cpp, line 520]
Event: 920.023 Thread 0x0000013bff06b4e0 Exception <a 'sun/nio/fs/WindowsException'{0x00000000ae01c2e8}> (0x00000000ae01c2e8) 
thrown [s\open\src\hotspot\share\prims\jni.cpp, line 520]
Event: 922.183 Thread 0x0000013bff068d80 Exception <a 'java/io/IOException'{0x00000000ae0f2298}> (0x00000000ae0f2298) 
thrown [s\open\src\hotspot\share\prims\jni.cpp, line 520]
Event: 922.405 Thread 0x0000013bff068d80 Exception <a 'java/io/IOException'{0x00000000ae0f3190}> (0x00000000ae0f3190) 
thrown [s\open\src\hotspot\share\prims\jni.cpp, line 520]
Event: 925.861 Thread 0x0000013bff069aa0 Exception <a 'sun/nio/fs/WindowsException'{0x00000000ade9da88}> (0x00000000ade9da88) 
thrown [s\open\src\hotspot\share\prims\jni.cpp, line 520]
Event: 988.000 Thread 0x0000013bfd7c8c10 Exception <a 'sun/nio/fs/WindowsException'{0x00000000acd9ab48}> (0x00000000acd9ab48) 
thrown [s\open\src\hotspot\share\prims\jni.cpp, line 520]
Event: 988.021 Thread 0x0000013bfd7c8c10 Exception <a 'sun/nio/fs/WindowsException'{0x00000000acd9c248}> (0x00000000acd9c248) 
thrown [s\open\src\hotspot\share\prims\jni.cpp, line 520]
Event: 993.885 Thread 0x0000013bff06b4e0 Exception <a 'sun/nio/fs/WindowsException'{0x00000000ae04abb8}> (0x00000000ae04abb8) 
thrown [s\open\src\hotspot\share\prims\jni.cpp, line 520]
Event: 1090.616 Thread 0x0000013bff068d80 Exception <a 'java/io/IOException'{0x00000000aae01598}> (0x00000000aae01598) 
thrown [s\open\src\hotspot\share\prims\jni.cpp, line 520]
Event: 1090.622 Thread 0x0000013bff068d80 Exception <a 'java/io/IOException'{0x00000000aae021b8}> (0x00000000aae021b8) 
thrown [s\open\src\hotspot\share\prims\jni.cpp, line 520]
Event: 1586.921 Thread 0x0000013bff068d80 Exception <a 'java/io/IOException'{0x00000000ab9015a8}> (0x00000000ab9015a8) 
thrown [s\open\src\hotspot\share\prims\jni.cpp, line 520]
Event: 1586.961 Thread 0x0000013bff068d80 Exception <a 'java/io/IOException'{0x00000000ab9024a0}> (0x00000000ab9024a0) 
thrown [s\open\src\hotspot\share\prims\jni.cpp, line 520]
Event: 1662.459 Thread 0x0000013bfd7c92a0 Exception <a 'sun/nio/fs/WindowsException'{0x00000000aa5b83a8}> (0x00000000aa5b83a8) 
thrown [s\open\src\hotspot\share\prims\jni.cpp, line 520]
Event: 1799.699 Thread 0x0000013bfd0c0b20 Exception <a 'java/lang/InterruptedException'{0x00000000b0d30d58}: sleep interrupted> (0x00000000b0d30d58) 
thrown [s\open\src\hotspot\share\prims\jvm.cpp, line 3074]

ZGC Phase Switch (0 events):
No events

VM Operations (20 events):
Event: 1593.654 Executing VM operation: Cleanup done
Event: 1605.755 Executing VM operation: Cleanup
Event: 1605.755 Executing VM operation: Cleanup done
Event: 1662.200 Executing VM operation: Cleanup
Event: 1662.201 Executing VM operation: Cleanup done
Event: 1663.208 Executing VM operation: Cleanup
Event: 1663.233 Executing VM operation: Cleanup done
Event: 1684.578 Executing VM operation: Cleanup
Event: 1684.579 Executing VM operation: Cleanup done
Event: 1744.407 Executing VM operation: HandshakeAllThreads (HandshakeForDeflation)
Event: 1744.407 Executing VM operation: HandshakeAllThreads (HandshakeForDeflation) done
Event: 1744.407 Executing VM operation: RendezvousGCThreads
Event: 1744.407 Executing VM operation: RendezvousGCThreads done
Event: 1765.601 Executing VM operation: G1CollectForAllocation (G1 Evacuation Pause)
Event: 1765.732 Executing VM operation: G1CollectForAllocation (G1 Evacuation Pause) done
Event: 1797.925 Executing VM operation: Cleanup
Event: 1798.154 Executing VM operation: Cleanup done
Event: 1799.164 Executing VM operation: Cleanup
Event: 1799.165 Executing VM operation: Cleanup done
Event: 1799.712 Executing VM operation: G1CollectFull (System.gc())

Events (20 events):
Event: 1798.752 Thread 0x0000013bff068d80 Thread added: 0x0000013bff068d80
Event: 1798.845 Thread 0x0000013bff06bb70 Thread exited: 0x0000013bff06bb70
Event: 1798.848 Thread 0x0000013bff068d80 Thread exited: 0x0000013bff068d80
Event: 1798.865 Thread 0x0000013bff06a7c0 Thread exited: 0x0000013bff06a7c0
Event: 1798.874 Thread 0x0000013bff068060 Thread exited: 0x0000013bff068060
Event: 1798.875 Thread 0x0000013bfd7c8c10 Thread exited: 0x0000013bfd7c8c10
Event: 1798.875 Thread 0x0000013bff06ae50 Thread exited: 0x0000013bff06ae50
Event: 1798.875 Thread 0x0000013bfd7cb370 Thread exited: 0x0000013bfd7cb370
Event: 1798.875 Thread 0x0000013bfd7cace0 Thread exited: 0x0000013bfd7cace0
Event: 1798.875 Thread 0x0000013bff06b4e0 Thread exited: 0x0000013bff06b4e0
Event: 1798.875 Thread 0x0000013bfd7c92a0 Thread exited: 0x0000013bfd7c92a0
Event: 1798.875 Thread 0x0000013bff069aa0 Thread exited: 0x0000013bff069aa0
Event: 1798.875 Thread 0x0000013bff06a130 Thread exited: 0x0000013bff06a130
Event: 1798.876 Thread 0x0000013bff0686f0 Thread exited: 0x0000013bff0686f0
Event: 1799.419 Thread 0x0000013bff068060 Thread added: 0x0000013bff068060
Event: 1799.430 Thread 0x0000013bfdc0c020 Thread exited: 0x0000013bfdc0c020
Event: 1799.454 Thread 0x0000013bff068060 Thread exited: 0x0000013bff068060
Event: 1799.698 Thread 0x0000013bfd0c04c0 Thread exited: 0x0000013bfd0c04c0
Event: 1799.699 Thread 0x0000013bfd0bfe60 Thread exited: 0x0000013bfd0bfe60
Event: 1799.700 Thread 0x0000013bfd0c0b20 Thread exited: 0x0000013bfd0c0b20


Dynamic libraries:
0x00007ff7ee480000 - 0x00007ff7ee490000 	C:\Program Files\Java\jdk-21\bin\java.exe
0x00007fff94fa0000 - 0x00007fff95205000 	C:\WINDOWS\SYSTEM32\ntdll.dll
0x00007fff93ff0000 - 0x00007fff940b9000 	C:\WINDOWS\System32\KERNEL32.DLL
0x00007fff922e0000 - 0x00007fff926c8000 	C:\WINDOWS\System32\KERNELBASE.dll
0x00007fff920f0000 - 0x00007fff9223b000 	C:\WINDOWS\System32\ucrtbase.dll
0x00007fff8ea20000 - 0x00007fff8ea39000 	C:\Program Files\Java\jdk-21\bin\jli.dll
0x00007fff94330000 - 0x00007fff943e3000 	C:\WINDOWS\System32\ADVAPI32.dll
0x00007fff92e10000 - 0x00007fff92eb9000 	C:\WINDOWS\System32\msvcrt.dll
0x00007fff94660000 - 0x00007fff94706000 	C:\WINDOWS\System32\sechost.dll
0x00007fff94cf0000 - 0x00007fff94e05000 	C:\WINDOWS\System32\RPCRT4.dll
0x00007fff8cfb0000 - 0x00007fff8cfcb000 	C:\Program Files\Java\jdk-21\bin\VCRUNTIME140.dll
0x00007fff940c0000 - 0x00007fff9428a000 	C:\WINDOWS\System32\USER32.dll
0x00007fff92840000 - 0x00007fff92867000 	C:\WINDOWS\System32\win32u.dll
0x00007fff92d50000 - 0x00007fff92d7b000 	C:\WINDOWS\System32\GDI32.dll
0x00007fff92c00000 - 0x00007fff92d37000 	C:\WINDOWS\System32\gdi32full.dll
0x00007fff926d0000 - 0x00007fff92773000 	C:\WINDOWS\System32\msvcp_win.dll
0x00007fff7e9d0000 - 0x00007fff7ec6a000 	C:\WINDOWS\WinSxS\amd64_microsoft.windows.common-controls_6595b64144ccf1df_6.0.26100.4202_none_3e0698d4e335f517\COMCTL32.dll
0x00007fff8c1c0000 - 0x00007fff8c1cb000 	C:\WINDOWS\SYSTEM32\VERSION.dll
0x00007fff94290000 - 0x00007fff942c0000 	C:\WINDOWS\System32\IMM32.DLL
0x00007fff8d260000 - 0x00007fff8d26c000 	C:\Program Files\Java\jdk-21\bin\vcruntime140_1.dll
0x00007fff82b80000 - 0x00007fff82c0e000 	C:\Program Files\Java\jdk-21\bin\msvcp140.dll
0x00007fff0bef0000 - 0x00007fff0cc0a000 	C:\Program Files\Java\jdk-21\bin\server\jvm.dll
0x00007fff94ee0000 - 0x00007fff94f54000 	C:\WINDOWS\System32\WS2_32.dll
0x00007fff91f40000 - 0x00007fff91f9e000 	C:\WINDOWS\SYSTEM32\POWRPROF.dll
0x00007fff8c180000 - 0x00007fff8c1b5000 	C:\WINDOWS\SYSTEM32\WINMM.dll
0x00007fff91f20000 - 0x00007fff91f34000 	C:\WINDOWS\SYSTEM32\UMPDC.dll
0x00007fff90eb0000 - 0x00007fff90ecb000 	C:\WINDOWS\SYSTEM32\kernel.appcore.dll
0x00007fff8d010000 - 0x00007fff8d01a000 	C:\Program Files\Java\jdk-21\bin\jimage.dll
0x00007fff86d00000 - 0x00007fff86f41000 	C:\WINDOWS\SYSTEM32\DBGHELP.DLL
0x00007fff93940000 - 0x00007fff93cc5000 	C:\WINDOWS\System32\combase.dll
0x00007fff93850000 - 0x00007fff93931000 	C:\WINDOWS\System32\OLEAUT32.dll
0x00007fff7a0d0000 - 0x00007fff7a109000 	C:\WINDOWS\SYSTEM32\dbgcore.DLL
0x00007fff92240000 - 0x00007fff922d9000 	C:\WINDOWS\System32\bcryptPrimitives.dll
0x00007fff8cef0000 - 0x00007fff8cf0f000 	C:\Program Files\Java\jdk-21\bin\java.dll
0x00007fff92f50000 - 0x00007fff93692000 	C:\WINDOWS\System32\SHELL32.dll
0x00007fff92900000 - 0x00007fff92a74000 	C:\WINDOWS\System32\wintypes.dll
0x00007fff8fd40000 - 0x00007fff90598000 	C:\WINDOWS\SYSTEM32\windows.storage.dll
0x00007fff93d00000 - 0x00007fff93df1000 	C:\WINDOWS\System32\SHCORE.dll
0x00007fff94410000 - 0x00007fff9447a000 	C:\WINDOWS\System32\shlwapi.dll
0x00007fff92000000 - 0x00007fff9202f000 	C:\WINDOWS\SYSTEM32\profapi.dll
0x00007fff8c3f0000 - 0x00007fff8c400000 	C:\Program Files\Java\jdk-21\bin\net.dll
0x00007fff87a40000 - 0x00007fff87b5e000 	C:\WINDOWS\SYSTEM32\WINHTTP.dll
0x00007fff91420000 - 0x00007fff9148a000 	C:\WINDOWS\system32\mswsock.dll
0x00007fff88e20000 - 0x00007fff88e36000 	C:\Program Files\Java\jdk-21\bin\nio.dll
0x00007fff83650000 - 0x00007fff83668000 	C:\Program Files\Java\jdk-21\bin\zip.dll
0x00007fff84850000 - 0x00007fff8485a000 	C:\Program Files\Java\jdk-21\bin\management.dll
0x00007fff7f770000 - 0x00007fff7f77b000 	C:\Program Files\Java\jdk-21\bin\management_ext.dll
0x00007fff92d40000 - 0x00007fff92d48000 	C:\WINDOWS\System32\PSAPI.DLL
0x00007fff70860000 - 0x00007fff7086e000 	C:\Program Files\Java\jdk-21\bin\sunmscapi.dll
0x00007fff92a80000 - 0x00007fff92bf7000 	C:\WINDOWS\System32\CRYPT32.dll
0x00007fff918f0000 - 0x00007fff91920000 	C:\WINDOWS\SYSTEM32\ncrypt.dll
0x00007fff918a0000 - 0x00007fff918df000 	C:\WINDOWS\SYSTEM32\NTASN1.dll
0x00007fff916e0000 - 0x00007fff916fb000 	C:\WINDOWS\SYSTEM32\CRYPTSP.dll
0x00007fff90e10000 - 0x00007fff90e4a000 	C:\WINDOWS\system32\rsaenh.dll
0x00007fff914c0000 - 0x00007fff914eb000 	C:\WINDOWS\SYSTEM32\USERENV.dll
0x00007fff91fd0000 - 0x00007fff91ff6000 	C:\WINDOWS\SYSTEM32\bcrypt.dll
0x00007fff916d0000 - 0x00007fff916dc000 	C:\WINDOWS\SYSTEM32\CRYPTBASE.dll
0x00007fff908a0000 - 0x00007fff908d3000 	C:\WINDOWS\SYSTEM32\IPHLPAPI.DLL
0x00007fff92e00000 - 0x00007fff92e0a000 	C:\WINDOWS\System32\NSI.dll
0x00007fff88c40000 - 0x00007fff88c50000 	C:\Program Files\Java\jdk-21\bin\verify.dll
0x00007fff90930000 - 0x00007fff90a57000 	C:\WINDOWS\SYSTEM32\DNSAPI.dll
0x00007fff7ffb0000 - 0x00007fff7ffbb000 	C:\Windows\System32\rasadhlp.dll
0x00007fff867f0000 - 0x00007fff86876000 	C:\WINDOWS\System32\fwpuclnt.dll
0x00007fff6fcf0000 - 0x00007fff6fcf9000 	C:\Program Files\Java\jdk-21\bin\extnet.dll
0x00007fff2be60000 - 0x00007fff2be68000 	C:\WINDOWS\system32\wshunix.dll

dbghelp: loaded successfully - version: 4.0.5 - missing functions: none
symbol engine: initialized successfully - sym options: 0x614 - pdb path: .;C:\Program Files\Java\jdk-21\bin;C:\WINDOWS\SYSTEM32;C:\WINDOWS\WinSxS\amd64_microsoft.windows.common-controls_6595b64144ccf1df_6.0.26100.4202_none_3e0698d4e335f517;C:\Program Files\Java\jdk-21\bin\server

VM Arguments:
jvm_args: -XX:TieredStopAtLevel=1 
java_command: com.example.storemanagementbackend.StoremanagementbackendApplication
java_class_path (initial): D:\BackendWorkManagement\BackendNewWorkManagement\target\classes;C:\Users\SWATHI N\.m2\repository\ch\qos\logback\logback-classic\1.5.18\logback-classic-1.5.18.jar;C:\Users\SWATHI N\.m2\repository\ch\qos\logback\logback-core\1.5.18\logback-core-1.5.18.jar;C:\Users\SWATHI N\.m2\repository\org\apache\logging\log4j\log4j-to-slf4j\2.24.3\log4j-to-slf4j-2.24.3.jar;C:\Users\SWATHI N\.m2\repository\org\apache\logging\log4j\log4j-api\2.24.3\log4j-api-2.24.3.jar;C:\Users\SWATHI N\.m2\repository\org\slf4j\jul-to-slf4j\2.0.17\jul-to-slf4j-2.0.17.jar;C:\Users\SWATHI N\.m2\repository\jakarta\annotation\jakarta.annotation-api\2.1.1\jakarta.annotation-api-2.1.1.jar;C:\Users\SWATHI N\.m2\repository\org\yaml\snakeyaml\2.4\snakeyaml-2.4.jar;C:\Users\SWATHI N\.m2\repository\com\zaxxer\HikariCP\6.3.0\HikariCP-6.3.0.jar;C:\Users\SWATHI N\.m2\repository\org\springframework\spring-jdbc\6.2.7\spring-jdbc-6.2.7.jar;C:\Users\SWATHI N\.m2\repository\org\hibernate\orm\hibernate-core\6.6.15.Final\hibernate-core-6.6.15.Final.jar;C:\Users\SWATHI N\.m2\repository\jakarta\persistence\jakarta.persistence-api\3.1.0\jakarta.persistence-api-3.1.0.jar;C:\Users\SWATHI N\.m2\repository\jakarta\transaction\jakarta.transaction-api\2.0.1\jakarta.transaction-api-2.0.1.jar;C:\Users\SWATHI N\.m2\repository\org\jboss\logging\jboss-logging\3.6.1.Final\jboss-logging-3.6.1.Final.jar;C:\Users\SWATHI N\.m2\repository\org\hibernate\common\hibernate-commons-annotations\7.0.3.Final\hibernate-commons-annotations-7.0.3.Final.jar;C:\Users\SWATHI N\.m2\repository\io\smallrye\jandex\3.2.0\jandex-3.2.0.jar;C:\Users\SWATHI N\.m2\repository\com\fasterxml\classmate\1.7.0\classmate-1.7.0.jar;C:\Users\SWATHI N\.m2\repository\net\bytebuddy\byte-buddy\1.17.5\byte-buddy-1.17.5.jar;C:\Users\SWATHI N\.m2\repository\org\glassfish\jaxb\jaxb-runtime\4.0.5\jaxb-runtime-4.0.5.jar;C:\Users\SWATHI N\.m2\repository\org\glassfish\jaxb\jaxb-core\4.0.5\jaxb-core-4.0.5.jar;C:\Users\SWATHI N\.m2\repository\org\glassfish\jaxb\txw2\4.0.5\txw2-4.0.5.jar;C:\Users\SWATHI N\.m2\repository\com\sun\istack\istack-commons-runtime\4.1.2\istack-commons-runtime-4.1.2.jar;C:\Users\SWATHI N\.m2\repository\jakarta\inject\jakarta.inject-api\2.0.1\jakarta.inject-api-2.0.1.jar;C:\Users\SWATHI N\.m2\repository\org\antlr\antlr4-runtime\4.13.0\antlr4-runtime-4.13.0.jar;C:\Users\SWATHI N\.m2\repository\org\springframework\data\spring-data-jpa\3.5.0\spring-data-jpa-3.5.0.jar;C:\Users\SWATHI N\.m2\repository\org\springframework\data\spring-data-commons\3.5.0\spring-data-commons-3.5.0.jar;C:\Users\SWATHI N\.m2\repository\org\springframework\spring-orm\6.2.7\spring-orm-6.2.7.jar;C:\Users\SWATHI N\.m2\repository\org\springframework\spring-context\6.2.7\spring-context-6.2.7.jar;C:\Users\SWATHI N\.m2\repository\org\springframework\spring-tx\6.2.7\spring-tx-6.2.7.jar;C:\Users\SWATHI N\.m2\repository\org\springframework\spring-beans\6.2.7\spring-beans-6.2.7.jar;C:\Users\SWATHI N\.m2\repository\org\slf4j\slf4j-api\2.0.17\slf4j-api-2.0.17.jar;C:\Users\SWATHI N\.m2\repository\org\springframework\spring-aspects\6.2.7\spring-aspects-6.2.7.jar;C:\Users\SWATHI N\.m2\repository\org\aspectj\aspectjweaver\1.9.24\aspectjweaver-1.9.24.jar;C:\Users\SWATHI N\.m2\repository\org\springframework\spring-aop\6.2.7\spring-aop-6.2.7.jar;C:\Users\SWATHI N\.m2\repository\org\springframework\security\spring-security-config\6.5.0\spring-security-config-6.5.0.jar;C:\Users\SWATHI N\.m2\repository\org\springframework\security\spring-security-web\6.5.0\spring-security-web-6.5.0.jar;C:\Users\SWATHI N\.m2\repository\org\springframework\spring-expression\6.2.7\spring-expression-6.2.7.jar;C:\Users\SWATHI N\.m2\repository\com\fasterxml\jackson\datatype\jackson-datatype-jdk8\2.19.0\jackson-datatype-jdk8-2.19.0.jar;C:\Users\SWATHI N\.m2\repository\com\fasterxml\jackson\datatype\jackson-datatype-jsr310\2.19.0\jackson-datatype-jsr310-2.19.0.jar;C:\Users\SWATHI N\.m2\repository\com\fasterxml\jackson\module\jackson-module-parameter-names\2.19.0\jackson-module-parameter-names-2.19.0.jar;C:\Users\SWATHI N\.m2\repository\org\apache\tomcat\embed\tomcat-embed-core\10.1.41\tomcat-embed-core-10.1.41.jar;C:\Users\SWATHI N\.m2\repository\org\apache\tomcat\embed\tomcat-embed-el\10.1.41\tomcat-embed-el-10.1.41.jar;C:\Users\SWATHI N\.m2\repository\org\apache\tomcat\embed\tomcat-embed-websocket\10.1.41\tomcat-embed-websocket-10.1.41.jar;C:\Users\SWATHI N\.m2\repository\org\springframework\spring-web\6.2.7\spring-web-6.2.7.jar;C:\Users\SWATHI N\.m2\repository\io\micrometer\micrometer-observation\1.15.0\micrometer-observation-1.15.0.jar;C:\Users\SWATHI N\.m2\repository\io\micrometer\micrometer-commons\1.15.0\micrometer-commons-1.15.0.jar;C:\Users\SWATHI N\.m2\repository\org\springframework\spring-webmvc\6.2.7\spring-webmvc-6.2.7.jar;C:\Users\SWATHI N\.m2\repository\org\springframework\spring-context-support\6.2.7\spring-context-support-6.2.7.jar;C:\Users\SWATHI N\.m2\repository\org\eclipse\angus\jakarta.mail\2.0.3\jakarta.mail-2.0.3.jar;C:\Users\SWATHI N\.m2\repository\jakarta\activation\jakarta.activation-api\2.1.3\jakarta.activation-api-2.1.3.jar;C:\Users\SWATHI N\.m2\repository\org\eclipse\angus\angus-activation\2.0.2\angus-activation-2.0.2.jar;C:\Users\SWATHI N\.m2\repository\org\springframework\boot\spring-boot-devtools\3.5.0\spring-boot-devtools-3.5.0.jar;C:\Users\SWATHI N\.m2\repository\org\springframework\boot\spring-boot\3.5.0\spring-boot-3.5.0.jar;C:\Users\SWATHI N\.m2\repository\org\springframework\boot\spring-boot-autoconfigure\3.5.0\spring-boot-autoconfigure-3.5.0.jar;C:\Users\SWATHI N\.m2\repository\com\mysql\mysql-connector-j\9.2.0\mysql-connector-j-9.2.0.jar;C:\Users\SWATHI N\.m2\repository\jakarta\xml\bind\jakarta.xml.bind-api\4.0.2\jakarta.xml.bind-api-4.0.2.jar;C:\Users\SWATHI N\.m2\repository\org\springframework\spring-core\6.2.7\spring-core-6.2.7.jar;C:\Users\SWATHI N\.m2\repository\org\springframework\spring-jcl\6.2.7\spring-jcl-6.2.7.jar;C:\Users\SWATHI N\.m2\repository\org\springframework\security\spring-security-core\6.5.0\spring-security-core-6.5.0.jar;C:\Users\SWATHI N\.m2\repository\org\springframework\security\spring-security-crypto\6.5.0\spring-security-crypto-6.5.0.jar;C:\Users\SWATHI N\.m2\repository\io\jsonwebtoken\jjwt-api\0.11.5\jjwt-api-0.11.5.jar;C:\Users\SWATHI N\.m2\repository\io\jsonwebtoken\jjwt-impl\0.11.5\jjwt-impl-0.11.5.jar;C:\Users\SWATHI N\.m2\repository\io\jsonwebtoken\jjwt-jackson\0.11.5\jjwt-jackson-0.11.5.jar;C:\Users\SWATHI N\.m2\repository\com\fasterxml\jackson\core\jackson-databind\2.19.0\jackson-databind-2.19.0.jar;C:\Users\SWATHI N\.m2\repository\com\fasterxml\jackson\core\jackson-annotations\2.19.0\jackson-annotations-2.19.0.jar;C:\Users\SWATHI N\.m2\repository\com\fasterxml\jackson\core\jackson-core\2.19.0\jackson-core-2.19.0.jar
Launcher Type: SUN_STANDARD

[Global flags]
     intx CICompilerCount                          = 3                                         {product} {ergonomic}
     uint ConcGCThreads                            = 1                                         {product} {ergonomic}
     uint G1ConcRefinementThreads                  = 4                                         {product} {ergonomic}
   size_t G1HeapRegionSize                         = 1048576                                   {product} {ergonomic}
    uintx GCDrainStackTargetSize                   = 64                                        {product} {ergonomic}
   size_t InitialHeapSize                          = 100663296                                 {product} {ergonomic}
   size_t MarkStackSize                            = 4194304                                   {product} {ergonomic}
   size_t MaxHeapSize                              = 1581252608                                {product} {ergonomic}
   size_t MaxNewSize                               = 947912704                                 {product} {ergonomic}
   size_t MinHeapDeltaBytes                        = 1048576                                   {product} {ergonomic}
   size_t MinHeapSize                              = 8388608                                   {product} {ergonomic}
    uintx NonNMethodCodeHeapSize                   = 4096                                   {pd product} {ergonomic}
    uintx NonProfiledCodeHeapSize                  = 0                                      {pd product} {ergonomic}
     bool ProfileInterpreter                       = false                                  {pd product} {command line}
    uintx ProfiledCodeHeapSize                     = 0                                      {pd product} {ergonomic}
   size_t SoftMaxHeapSize                          = 1581252608                             {manageable} {ergonomic}
     intx TieredStopAtLevel                        = 1                                         {product} {command line}
     bool UseCompressedOops                        = true                           {product lp64_product} {ergonomic}
     bool UseG1GC                                  = true                                      {product} {ergonomic}
     bool UseLargePagesIndividualAllocation        = false                                  {pd product} {ergonomic}

Logging:
Log output configuration:
 #0: stdout all=warning uptime,level,tags foldmultilines=false
 #1: stderr all=off uptime,level,tags foldmultilines=false

Environment Variables:
JAVA_HOME=C:\Program Files\Java\jdk-21
PATH=C:\WINDOWS\system32;C:\WINDOWS;C:\WINDOWS\System32\Wbem;C:\WINDOWS\System32\WindowsPowerShell\v1.0\;C:\WINDOWS\System32\OpenSSH\;C:\Program Files\Git\cmd;C:\Program Files\nvm;C:\Program Files\nodejs;C:\Program Files\Docker\Docker\resources\bin;C:\Users\SWATHI N\Downloads\apache-maven-3.9.10-bin\apache-maven-3.9.10\bin;C:\Users\SWATHI N\AppData\Local\Programs\Python\Python311\Scripts\;C:\Users\SWATHI N\AppData\Local\Programs\Python\Python311\;C:\Program Files\MySQL\MySQL Shell 8.0\bin\;C:\Users\SWATHI N\AppData\Local\Microsoft\WindowsApps;C:\Users\SWATHI N\AppData\Local\Programs\Microsoft VS Code\bin;C:\Users\SWATHI N\AppData\Roaming\npm;C:\Program Files\JetBrains\IntelliJ IDEA Community Edition 2023.1.3\bin;;C:\Program Files\nvm;C:\Program Files\nodejs;C:\Program Files\Microsoft Visual Studio\2022\Community\MSBuild\Current\Bin;C:\Program Files (x86)\Microsoft Visual Studio\2022\BuildTools;C:\Users\SWATHI N\AppData\Local\Programs\cursor\resources\app\bin
USERNAME=SWATHI N
LANG=en_US.UTF-8
OS=Windows_NT
PROCESSOR_IDENTIFIER=AMD64 Family 23 Model 24 Stepping 1, AuthenticAMD
TMP=C:\Users\SWATHI~1\AppData\Local\Temp
TEMP=C:\Users\SWATHI~1\AppData\Local\Temp




Periodic native trim disabled

---------------  S Y S T E M  ---------------

OS:
 Windows 11 , 64 bit Build 26100 (10.0.26100.4202)
OS uptime: 1 days 22:25 hours
Hyper-V role detected

CPU: total 4 (initial active 4) (4 cores per cpu, 2 threads per core) family 23 model 24 stepping 1 microcode 0x810810e, cx8, cmov, fxsr, ht, mmx, 3dnowpref, sse, sse2, sse3, ssse3, sse4a, sse4.1, sse4.2, popcnt, lzcnt, tsc, tscinvbit, avx, avx2, aes, clmul, bmi1, bmi2, adx, sha, fma, vzeroupper, clflush, clflushopt, hv, rdtscp, f16c
Processor Information for all 4 processors :
  Max Mhz: 2600, Current Mhz: 2600, Mhz Limit: 2600

Memory: 4k page, system-wide physical 6030M (315M free)
TotalPageFile size 24462M (AvailPageFile size 3M)
current process WorkingSet (physical memory assigned to process): 74M, peak: 349M
current process commit charge ("private bytes"): 469M, peak: 471M

vm_info: Java HotSpot(TM) 64-Bit Server VM (21.0.7+8-LTS-245) for windows-amd64 JRE (21.0.7+8-LTS-245), built on 2025-02-21T05:11:27Z by "mach5one" with MS VC++ 17.6 (VS2022)

END.
